This file contains any messages produced by compilers while
running configure, to aid debugging if configure makes a mistake.

It was created by Ipopt configure 3.12, which was
generated by GNU Autoconf 2.59.  Invocation command line was

  $ /homes/wendydi/CoinIpopt/configure 

## --------- ##
## Platform. ##
## --------- ##

hostname = churn
uname -m = x86_64
uname -r = 3.13.0-121-generic
uname -s = Linux
uname -v = #170-Ubuntu SMP Wed Jun 14 09:04:33 UTC 2017

/usr/bin/uname -p = unknown
/bin/uname -X     = unknown

/bin/arch              = unknown
/usr/bin/arch -k       = unknown
/usr/convex/getsysinfo = unknown
hostinfo               = 
Usage: hostbase -q <field>=[=]<value> [and/or <field>=<value> [--long option]]
       hostbase -l <hostname>	 provides a quick glance at a host's configuration
       hostbase --showfields	shows all data fields
       hostbase --allhosts	lists all hosts in hostbase

    long options:
	 --fields f1 f2 ...	specifies the fields displayed from the queried hosts
	 --summary		prints out a predetermined set of fields for each host
				returned
	 --ping			uses fping to ping all queried hosts
	 --showfields		shows all data fields
/bin/machine           = unknown
/usr/bin/oslevel       = unknown
/bin/universe          = unknown

PATH: /usr/include
PATH: /homes/b216449/soft/ctf/include
PATH: /homes/wendydi/Documents/CommonCommands
PATH: /homes/wendydi/local/anaconda3/bin
PATH: /homes/wendydi/Downloads/software/HDF_Group/HDFView/2.11.0/bin
PATH: /homes/wendydi/local/anaconda/bin
PATH: /usr/lib/lightdm/lightdm
PATH: /usr/sbin
PATH: /usr/bin
PATH: /sbin
PATH: /bin
PATH: /usr/games
PATH: /mcs/bin
PATH: /usr/local/bin
PATH: /software/common/bin
PATH: /soft/apps/bin
PATH: /soft/gnu/bin
PATH: /soft/com/bin
PATH: /soft/adm/bin
PATH: /homes/wendydi/bin/linux-Ubuntu_14.04-x86_64
PATH: /homes/wendydi/bin
PATH: /soft/com/packages/MATLAB/R2016a/bin
PATH: /soft/apps/packages/cuda-7.5/bin
PATH: /homes/wendydi/.globus-cli-virtualenv/bin
PATH: /homes/wendydi/bin


## ----------- ##
## Core tests. ##
## ----------- ##

configure:1543: loading site script /nfs2/wendydi/Documents/Research/Di_MATLABtool/Ipopt/share/config.site
| # MatlabInterface.site
| # This is a config.site file to set appropriate flags for
| # building the Matlab Mex interface to Ipopt. Usage:
| # 1. mkdir -p $prefix/share # (where $prefix is your build directory
| #    unless you specify a non-default value of --prefix to configure)
| # 2. Copy this file (MatlabInterface.site) to the new share folder
| # 3. Rename $prefix/share/MatlabInterface.site to $prefix/share/config.site
| # 4. $IPOPT_TOP_SRCDIR/configure CC=<C compiler command> \
| #      CXX=<C++ compiler command> F77=<Fortran compiler command> \
| #      --with-matlab-home=<Matlab location>
| # Ipopt configure will choose CC, CXX, and F77 automatically if you
| # do not specify them. It will also look for matlab on the path if
| # you don't specify --with-matlab-home. If the following command:
| #    which matlab && ls -l $(which matlab)
| # does not point to the version of Matlab you want, you need
| # to provide the correct path in --with-matlab-home.
| # If the g++ or user-specified CXX compiler is capable of statically
| # linking libstdc++ (and the libgfortran.a of gfortran or the
| # user-specified F77 compiler) into a shared library (4.5 or newer
| # on Mac or Windows, 4.7.3 or newer built --with-pic on Linux)
| # then this script will set up the Ipopt Matlab interface with
| # all standard libraries statically linked. This way the same
| # mex file should be usable across multiple versions of Matlab.
| # If this causes any problems you can disable this behavior
| # by setting the flag --disable-matlab-static to configure.
| #
| # If you also specify --enable-matlab-ma57 in your configure
| # call and do not provide the HSL source code, configure will
| # try to use Matlab's MA57 library.
| # Note that when using Matlab's MA57, standalone Ipopt executables
| # (such as from "make test") require setting the environment variable
| # LD_LIBRARY_PATH=$MATLAB_HOME/bin/$ARCH:$MATLAB_HOME/sys/os/$ARCH
| # (DYLD_LIBRARY_PATH=$MATLAB_HOME/bin/$ARCH on Mac OS X) where $ARCH
| # is one of glnxa64, maci64, win32, win64, etc, in order to properly
| # work. If you're using a compiler version that doesn't match Matlab's
| # (see http://www.mathworks.com/support/sysreq/previous_releases.html)
| # then you should compile the mex file *before* setting LD_LIBRARY_PATH,
| # otherwise the mex file may end up with conflicting standard libraries.
| 
| # First set the recommended flags for Matlab interface compilation
| if test x"$enable_shared" != xyes; then
|   enable_shared=no
| fi
| if test x"$with_pic" != xno; then
|   with_pic=yes
| fi
| if test -z "$with_blas"; then
|   with_blas=BUILD
| fi
| if test -z "$with_lapack"; then
|   with_lapack=BUILD
| fi
| 
| # Unless user specified --enable-matlab-static (or disable), test
| # if we can statically link standard libraries into a shared lib
| if test -z "$enable_matlab_static"; then
|   cxxtemp=$CXX
|   f77temp=$F77
|   # shortcut: if CXX and F77 not specified, assume g++ and gfortran
|   if test -z "$cxxtemp"; then
|     cxxtemp=g++
|   fi
|   if test -z "$f77temp"; then
|     f77temp=gfortran
|   fi
|   # make dummy test programs
|   echo "#include <iostream>"   > conftest.cc
|   echo "using namespace std;" >> conftest.cc
|   echo "int main ()"          >> conftest.cc
|   echo "{"                    >> conftest.cc
|   echo "  cout << endl;"      >> conftest.cc
|   echo "  return 0;"          >> conftest.cc
|   echo "}"                    >> conftest.cc
|   echo "      PROGRAM MAIN"    > conftest.f
|   echo "      END"            >> conftest.f
|   case `uname` in
|     Darwin*)
|       $cxxtemp -static-libgcc -static-libstdc++ \
|         -shared -o conftest.dylib conftest.cc && test -z \
|         "`otool -L conftest.dylib | grep libstdc++`" && \
|         enable_matlab_static=yes
|       ;;
|     MINGW* | CYGWIN*)
|       $cxxtemp -static -shared -o conftest.dll \
|         conftest.cc && test -z "`objdump -p conftest.dll | \
|         grep libstdc++`" && enable_matlab_static=yes
|       ;;
|     Linux*)
|       # also need to test if libgfortran.a is -fPIC on Linux
|       $cxxtemp -fPIC -static-libgcc -static-libstdc++ \
|         -shared -o conftest.so conftest.cc && test -z \
|         "`objdump -p conftest.so | grep libstdc++`" && \
|         $f77temp -fPIC -shared -o conftest.so conftest.f \
|         `$f77temp -print-file-name=libgfortran.a` && \
|         enable_matlab_static=yes
|       ;;
|   esac
|   rm -f conftest*
| fi
| 
| # Set configure flags which depend on enable_matlab_static
| case `uname` in
|   MINGW* | CYGWIN*)
|     if test x"$enable_matlab_static" = xyes; then
|       enable_pthread_mumps=no
|     fi
|     ;;
| esac
| 
configure:1700: checking build system type
configure:1718: result: x86_64-unknown-linux-gnu
configure:1729: checking whether we want to compile in debug mode
configure:1758: result: no
configure:1974: checking for gcc
configure:1990: found /usr/bin/gcc
configure:2000: result: gcc
configure:2021: checking for C compiler version
configure:2024: gcc --version </dev/null >&5
gcc (Ubuntu 4.8.4-2ubuntu1~14.04.3) 4.8.4
Copyright (C) 2013 Free Software Foundation, Inc.
This is free software; see the source for copying conditions.  There is NO
warranty; not even for MERCHANTABILITY or FITNESS FOR A PARTICULAR PURPOSE.

configure:2027: $? = 0
configure:2029: gcc -v </dev/null >&5
Using built-in specs.
COLLECT_GCC=gcc
COLLECT_LTO_WRAPPER=/usr/lib/gcc/x86_64-linux-gnu/4.8/lto-wrapper
Target: x86_64-linux-gnu
Configured with: ../src/configure -v --with-pkgversion='Ubuntu 4.8.4-2ubuntu1~14.04.3' --with-bugurl=file:///usr/share/doc/gcc-4.8/README.Bugs --enable-languages=c,c++,java,go,d,fortran,objc,obj-c++ --prefix=/usr --program-suffix=-4.8 --enable-shared --enable-linker-build-id --libexecdir=/usr/lib --without-included-gettext --enable-threads=posix --with-gxx-include-dir=/usr/include/c++/4.8 --libdir=/usr/lib --enable-nls --with-sysroot=/ --enable-clocale=gnu --enable-libstdcxx-debug --enable-libstdcxx-time=yes --enable-gnu-unique-object --disable-libmudflap --enable-plugin --with-system-zlib --disable-browser-plugin --enable-java-awt=gtk --enable-gtk-cairo --with-java-home=/usr/lib/jvm/java-1.5.0-gcj-4.8-amd64/jre --enable-java-home --with-jvm-root-dir=/usr/lib/jvm/java-1.5.0-gcj-4.8-amd64 --with-jvm-jar-dir=/usr/lib/jvm-exports/java-1.5.0-gcj-4.8-amd64 --with-arch-directory=amd64 --with-ecj-jar=/usr/share/java/eclipse-ecj.jar --enable-objc-gc --enable-multiarch --disable-werror --with-arch-32=i686 --with-abi=m64 --with-multilib-list=m32,m64,mx32 --with-tune=generic --enable-checking=release --build=x86_64-linux-gnu --host=x86_64-linux-gnu --target=x86_64-linux-gnu
Thread model: posix
gcc version 4.8.4 (Ubuntu 4.8.4-2ubuntu1~14.04.3) 
configure:2032: $? = 0
configure:2034: gcc -V </dev/null >&5
gcc: error: unrecognized command line option '-V'
gcc: fatal error: no input files
compilation terminated.
configure:2037: $? = 4
configure:2060: checking for C compiler default output file name
configure:2063: gcc    conftest.c  >&5
configure:2066: $? = 0
configure:2112: result: a.out
configure:2117: checking whether the C compiler works
configure:2123: ./a.out
configure:2126: $? = 0
configure:2143: result: yes
configure:2150: checking whether we are cross compiling
configure:2152: result: no
configure:2155: checking for suffix of executables
configure:2157: gcc -o conftest    conftest.c  >&5
configure:2160: $? = 0
configure:2185: result: 
configure:2191: checking for suffix of object files
configure:2212: gcc -c   conftest.c >&5
configure:2215: $? = 0
configure:2237: result: o
configure:2241: checking whether we are using the GNU C compiler
configure:2265: gcc -c   conftest.c >&5
configure:2271: $? = 0
configure:2275: test -z 
			 || test ! -s conftest.err
configure:2278: $? = 0
configure:2281: test -s conftest.o
configure:2284: $? = 0
configure:2297: result: yes
configure:2303: checking whether gcc accepts -g
configure:2324: gcc -c -g  conftest.c >&5
configure:2330: $? = 0
configure:2334: test -z 
			 || test ! -s conftest.err
configure:2337: $? = 0
configure:2340: test -s conftest.o
configure:2343: $? = 0
configure:2354: result: yes
configure:2371: checking for gcc option to accept ANSI C
configure:2441: gcc  -c -g -O2  conftest.c >&5
configure:2447: $? = 0
configure:2451: test -z 
			 || test ! -s conftest.err
configure:2454: $? = 0
configure:2457: test -s conftest.o
configure:2460: $? = 0
configure:2478: result: none needed
configure:2496: gcc -c -g -O2  conftest.c >&5
conftest.c:2:3: error: unknown type name 'choke'
   choke me
   ^
conftest.c:2:3: error: expected '=', ',', ';', 'asm' or '__attribute__' at end of input
configure:2502: $? = 1
configure: failed program was:
| #ifndef __cplusplus
|   choke me
| #endif
configure:2923: gcc -o conftest -O3 -pipe -DNDEBUG -Wimplicit -Wparentheses -Wsequence-point -Wreturn-type -Wcast-qual -Wall -Wno-unknown-pragmas -Wno-long-long     conftest.c  >&5
configure:2929: $? = 0
configure:2933: test -z 
			 || test ! -s conftest.err
configure:2936: $? = 0
configure:2939: test -s conftest
configure:2942: $? = 0
configure:3009: C compiler options are: -O3 -pipe -DNDEBUG -Wimplicit -Wparentheses -Wsequence-point -Wreturn-type -Wcast-qual -Wall -Wno-unknown-pragmas -Wno-long-long  
configure:3126: checking for g++
configure:3142: found /usr/bin/g++
configure:3152: result: g++
configure:3168: checking for C++ compiler version
configure:3171: g++ --version </dev/null >&5
g++ (Ubuntu 4.8.4-2ubuntu1~14.04.3) 4.8.4
Copyright (C) 2013 Free Software Foundation, Inc.
This is free software; see the source for copying conditions.  There is NO
warranty; not even for MERCHANTABILITY or FITNESS FOR A PARTICULAR PURPOSE.

configure:3174: $? = 0
configure:3176: g++ -v </dev/null >&5
Using built-in specs.
COLLECT_GCC=g++
COLLECT_LTO_WRAPPER=/usr/lib/gcc/x86_64-linux-gnu/4.8/lto-wrapper
Target: x86_64-linux-gnu
Configured with: ../src/configure -v --with-pkgversion='Ubuntu 4.8.4-2ubuntu1~14.04.3' --with-bugurl=file:///usr/share/doc/gcc-4.8/README.Bugs --enable-languages=c,c++,java,go,d,fortran,objc,obj-c++ --prefix=/usr --program-suffix=-4.8 --enable-shared --enable-linker-build-id --libexecdir=/usr/lib --without-included-gettext --enable-threads=posix --with-gxx-include-dir=/usr/include/c++/4.8 --libdir=/usr/lib --enable-nls --with-sysroot=/ --enable-clocale=gnu --enable-libstdcxx-debug --enable-libstdcxx-time=yes --enable-gnu-unique-object --disable-libmudflap --enable-plugin --with-system-zlib --disable-browser-plugin --enable-java-awt=gtk --enable-gtk-cairo --with-java-home=/usr/lib/jvm/java-1.5.0-gcj-4.8-amd64/jre --enable-java-home --with-jvm-root-dir=/usr/lib/jvm/java-1.5.0-gcj-4.8-amd64 --with-jvm-jar-dir=/usr/lib/jvm-exports/java-1.5.0-gcj-4.8-amd64 --with-arch-directory=amd64 --with-ecj-jar=/usr/share/java/eclipse-ecj.jar --enable-objc-gc --enable-multiarch --disable-werror --with-arch-32=i686 --with-abi=m64 --with-multilib-list=m32,m64,mx32 --with-tune=generic --enable-checking=release --build=x86_64-linux-gnu --host=x86_64-linux-gnu --target=x86_64-linux-gnu
Thread model: posix
gcc version 4.8.4 (Ubuntu 4.8.4-2ubuntu1~14.04.3) 
configure:3179: $? = 0
configure:3181: g++ -V </dev/null >&5
g++: error: unrecognized command line option '-V'
g++: fatal error: no input files
compilation terminated.
configure:3184: $? = 4
configure:3187: checking whether we are using the GNU C++ compiler
configure:3211: g++ -c   conftest.cc >&5
configure:3217: $? = 0
configure:3221: test -z 
			 || test ! -s conftest.err
configure:3224: $? = 0
configure:3227: test -s conftest.o
configure:3230: $? = 0
configure:3243: result: yes
configure:3249: checking whether g++ accepts -g
configure:3270: g++ -c -g  conftest.cc >&5
configure:3276: $? = 0
configure:3280: test -z 
			 || test ! -s conftest.err
configure:3283: $? = 0
configure:3286: test -s conftest.o
configure:3289: $? = 0
configure:3300: result: yes
configure:3342: g++ -c -g -O2  conftest.cc >&5
configure:3348: $? = 0
configure:3352: test -z 
			 || test ! -s conftest.err
configure:3355: $? = 0
configure:3358: test -s conftest.o
configure:3361: $? = 0
configure:3387: g++ -c -g -O2  conftest.cc >&5
conftest.cc: In function 'int main()':
conftest.cc:13:9: error: 'exit' was not declared in this scope
 exit (42);
         ^
configure:3393: $? = 1
configure: failed program was:
| /* confdefs.h.  */
| 
| #define PACKAGE_NAME "Ipopt"
| #define PACKAGE_TARNAME "ipopt"
| #define PACKAGE_VERSION "3.12"
| #define PACKAGE_STRING "Ipopt 3.12"
| #define PACKAGE_BUGREPORT "http://projects.coin-or.org/Ipopt/newticket"
| /* end confdefs.h.  */
| 
| int
| main ()
| {
| exit (42);
|   ;
|   return 0;
| }
configure:3342: g++ -c -g -O2  conftest.cc >&5
conftest.cc:9:40: error: 'void std::exit(int)' should have been declared inside 'std'
 extern "C" void std::exit (int) throw (); using std::exit;
                                        ^
configure:3348: $? = 1
configure: failed program was:
| /* confdefs.h.  */
| 
| #define PACKAGE_NAME "Ipopt"
| #define PACKAGE_TARNAME "ipopt"
| #define PACKAGE_VERSION "3.12"
| #define PACKAGE_STRING "Ipopt 3.12"
| #define PACKAGE_BUGREPORT "http://projects.coin-or.org/Ipopt/newticket"
| /* end confdefs.h.  */
| extern "C" void std::exit (int) throw (); using std::exit;
| #include <stdlib.h>
| int
| main ()
| {
| exit (42);
|   ;
|   return 0;
| }
configure:3342: g++ -c -g -O2  conftest.cc >&5
conftest.cc:9:31: error: 'void std::exit(int)' should have been declared inside 'std'
 extern "C" void std::exit (int); using std::exit;
                               ^
In file included from conftest.cc:10:0:
/usr/include/stdlib.h:543:70: error: declaration of 'void std::exit(int) throw ()' has a different exception specifier
 extern void exit (int __status) __THROW __attribute__ ((__noreturn__));
                                                                      ^
conftest.cc:9:17: error: from previous declaration 'void std::exit(int)'
 extern "C" void std::exit (int); using std::exit;
                 ^
configure:3348: $? = 1
configure: failed program was:
| /* confdefs.h.  */
| 
| #define PACKAGE_NAME "Ipopt"
| #define PACKAGE_TARNAME "ipopt"
| #define PACKAGE_VERSION "3.12"
| #define PACKAGE_STRING "Ipopt 3.12"
| #define PACKAGE_BUGREPORT "http://projects.coin-or.org/Ipopt/newticket"
| /* end confdefs.h.  */
| extern "C" void std::exit (int); using std::exit;
| #include <stdlib.h>
| int
| main ()
| {
| exit (42);
|   ;
|   return 0;
| }
configure:3342: g++ -c -g -O2  conftest.cc >&5
configure:3348: $? = 0
configure:3352: test -z 
			 || test ! -s conftest.err
configure:3355: $? = 0
configure:3358: test -s conftest.o
configure:3361: $? = 0
configure:3387: g++ -c -g -O2  conftest.cc >&5
configure:3393: $? = 0
configure:3397: test -z 
			 || test ! -s conftest.err
configure:3400: $? = 0
configure:3403: test -s conftest.o
configure:3406: $? = 0
configure:3438: checking whether C++ compiler g++ works
configure:3456: g++ -c -g -O2  conftest.cc >&5
configure:3462: $? = 0
configure:3466: test -z 
			 || test ! -s conftest.err
configure:3469: $? = 0
configure:3472: test -s conftest.o
configure:3475: $? = 0
configure:3477: result: yes
configure:3798: g++ -o conftest -O3 -pipe -DNDEBUG -Wparentheses -Wreturn-type -Wcast-qual -Wall -Wpointer-arith -Wwrite-strings -Wconversion -Wno-unknown-pragmas -Wno-long-long     conftest.cc  >&5
configure:3804: $? = 0
configure:3808: test -z 
			 || test ! -s conftest.err
configure:3811: $? = 0
configure:3814: test -s conftest
configure:3817: $? = 0
configure:3884: C++ compiler options are: -O3 -pipe -DNDEBUG -Wparentheses -Wreturn-type -Wcast-qual -Wall -Wpointer-arith -Wwrite-strings -Wconversion -Wno-unknown-pragmas -Wno-long-long  
configure:3955: Trying to determine Fortran compiler name
configure:4004: checking for gfortran
configure:4020: found /usr/bin/gfortran
configure:4030: result: gfortran
configure:4138: checking for Fortran 77 compiler version
configure:4141: gfortran --version </dev/null >&5
GNU Fortran (Ubuntu 4.8.4-2ubuntu1~14.04.3) 4.8.4
Copyright (C) 2013 Free Software Foundation, Inc.

GNU Fortran comes with NO WARRANTY, to the extent permitted by law.
You may redistribute copies of GNU Fortran
under the terms of the GNU General Public License.
For more information about these matters, see the file named COPYING

configure:4144: $? = 0
configure:4146: gfortran -v </dev/null >&5
Using built-in specs.
COLLECT_GCC=gfortran
COLLECT_LTO_WRAPPER=/usr/lib/gcc/x86_64-linux-gnu/4.8/lto-wrapper
Target: x86_64-linux-gnu
Configured with: ../src/configure -v --with-pkgversion='Ubuntu 4.8.4-2ubuntu1~14.04.3' --with-bugurl=file:///usr/share/doc/gcc-4.8/README.Bugs --enable-languages=c,c++,java,go,d,fortran,objc,obj-c++ --prefix=/usr --program-suffix=-4.8 --enable-shared --enable-linker-build-id --libexecdir=/usr/lib --without-included-gettext --enable-threads=posix --with-gxx-include-dir=/usr/include/c++/4.8 --libdir=/usr/lib --enable-nls --with-sysroot=/ --enable-clocale=gnu --enable-libstdcxx-debug --enable-libstdcxx-time=yes --enable-gnu-unique-object --disable-libmudflap --enable-plugin --with-system-zlib --disable-browser-plugin --enable-java-awt=gtk --enable-gtk-cairo --with-java-home=/usr/lib/jvm/java-1.5.0-gcj-4.8-amd64/jre --enable-java-home --with-jvm-root-dir=/usr/lib/jvm/java-1.5.0-gcj-4.8-amd64 --with-jvm-jar-dir=/usr/lib/jvm-exports/java-1.5.0-gcj-4.8-amd64 --with-arch-directory=amd64 --with-ecj-jar=/usr/share/java/eclipse-ecj.jar --enable-objc-gc --enable-multiarch --disable-werror --with-arch-32=i686 --with-abi=m64 --with-multilib-list=m32,m64,mx32 --with-tune=generic --enable-checking=release --build=x86_64-linux-gnu --host=x86_64-linux-gnu --target=x86_64-linux-gnu
Thread model: posix
gcc version 4.8.4 (Ubuntu 4.8.4-2ubuntu1~14.04.3) 
configure:4149: $? = 0
configure:4151: gfortran -V </dev/null >&5
gfortran: error: unrecognized command line option '-V'
gfortran: fatal error: no input files
compilation terminated.
configure:4154: $? = 4
configure:4162: checking whether we are using the GNU Fortran 77 compiler
configure:4176: gfortran -c  conftest.F >&5
configure:4182: $? = 0
configure:4186: test -z 
			 || test ! -s conftest.err
configure:4189: $? = 0
configure:4192: test -s conftest.o
configure:4195: $? = 0
configure:4208: result: yes
configure:4214: checking whether gfortran accepts -g
configure:4226: gfortran -c -g conftest.f >&5
configure:4232: $? = 0
configure:4236: test -z 
			 || test ! -s conftest.err
configure:4239: $? = 0
configure:4242: test -s conftest.o
configure:4245: $? = 0
configure:4257: result: yes
configure:4492: gfortran -o conftest -O3 -pipe    conftest.f  >&5
configure:4498: $? = 0
configure:4502: test -z 
			 || test ! -s conftest.err
configure:4505: $? = 0
configure:4508: test -s conftest
configure:4511: $? = 0
configure:4569: Fortran compiler options are: -O3 -pipe  
configure:4692: checking for egrep
configure:4702: result: grep -E
configure:4707: checking whether ln -s works
configure:4711: result: yes
configure:4732: checking for a BSD-compatible install
configure:4787: result: /usr/bin/install -c
configure:4798: checking whether build environment is sane
configure:4841: result: yes
configure:4906: checking for gawk
configure:4922: found /usr/bin/gawk
configure:4932: result: gawk
configure:4942: checking whether make sets $(MAKE)
configure:4962: result: yes
configure:4992: checking for style of include used by make
configure:5020: result: GNU
configure:5201: checking dependency style of gcc
configure:5291: result: gcc3
configure:5310: checking dependency style of g++
configure:5400: result: gcc3
configure:5418: checking whether to enable maintainer-specific portions of Makefiles
configure:5427: result: no
configure:5877: checking host system type
configure:5891: result: x86_64-unknown-linux-gnu
configure:5899: checking for a sed that does not truncate output
configure:5953: result: /bin/sed
configure:5967: checking for ld used by gcc
configure:6034: result: /usr/bin/ld
configure:6043: checking if the linker (/usr/bin/ld) is GNU ld
configure:6058: result: yes
configure:6063: checking for /usr/bin/ld option to reload object files
configure:6070: result: -r
configure:6088: checking for BSD-compatible nm
configure:6137: result: /usr/bin/nm -B
configure:6141: checking how to recognise dependent libraries
configure:6317: result: pass_all
configure:6404: gcc -c -O3 -pipe -DNDEBUG -Wimplicit -Wparentheses -Wsequence-point -Wreturn-type -Wcast-qual -Wall -Wno-unknown-pragmas -Wno-long-long    conftest.c >&5
configure:6407: $? = 0
configure:6553: checking how to run the C preprocessor
configure:6588: gcc -E  conftest.c
configure:6594: $? = 0
configure:6626: gcc -E  conftest.c
conftest.c:14:28: fatal error: ac_nonexistent.h: No such file or directory
 #include <ac_nonexistent.h>
                            ^
compilation terminated.
configure:6632: $? = 1
configure: failed program was:
| /* confdefs.h.  */
| 
| #define PACKAGE_NAME "Ipopt"
| #define PACKAGE_TARNAME "ipopt"
| #define PACKAGE_VERSION "3.12"
| #define PACKAGE_STRING "Ipopt 3.12"
| #define PACKAGE_BUGREPORT "http://projects.coin-or.org/Ipopt/newticket"
| #ifdef __cplusplus
| extern "C" void exit (int) throw ();
| #endif
| #define PACKAGE "ipopt"
| #define VERSION "3.12"
| /* end confdefs.h.  */
| #include <ac_nonexistent.h>
configure:6671: result: gcc -E
configure:6695: gcc -E  conftest.c
configure:6701: $? = 0
configure:6733: gcc -E  conftest.c
conftest.c:14:28: fatal error: ac_nonexistent.h: No such file or directory
 #include <ac_nonexistent.h>
                            ^
compilation terminated.
configure:6739: $? = 1
configure: failed program was:
| /* confdefs.h.  */
| 
| #define PACKAGE_NAME "Ipopt"
| #define PACKAGE_TARNAME "ipopt"
| #define PACKAGE_VERSION "3.12"
| #define PACKAGE_STRING "Ipopt 3.12"
| #define PACKAGE_BUGREPORT "http://projects.coin-or.org/Ipopt/newticket"
| #ifdef __cplusplus
| extern "C" void exit (int) throw ();
| #endif
| #define PACKAGE "ipopt"
| #define VERSION "3.12"
| /* end confdefs.h.  */
| #include <ac_nonexistent.h>
configure:6783: checking for ANSI C header files
configure:6808: gcc -c -O3 -pipe -DNDEBUG -Wimplicit -Wparentheses -Wsequence-point -Wreturn-type -Wcast-qual -Wall -Wno-unknown-pragmas -Wno-long-long    conftest.c >&5
configure:6814: $? = 0
configure:6818: test -z 
			 || test ! -s conftest.err
configure:6821: $? = 0
configure:6824: test -s conftest.o
configure:6827: $? = 0
configure:6916: gcc -o conftest -O3 -pipe -DNDEBUG -Wimplicit -Wparentheses -Wsequence-point -Wreturn-type -Wcast-qual -Wall -Wno-unknown-pragmas -Wno-long-long     conftest.c  >&5
conftest.c: In function 'main':
conftest.c:31:7: warning: implicit declaration of function 'exit' [-Wimplicit-function-declaration]
       exit(2);
       ^
conftest.c:31:7: warning: incompatible implicit declaration of built-in function 'exit' [enabled by default]
configure:6919: $? = 0
configure:6921: ./conftest
configure:6924: $? = 0
configure:6939: result: yes
configure:6963: checking for sys/types.h
configure:6979: gcc -c -O3 -pipe -DNDEBUG -Wimplicit -Wparentheses -Wsequence-point -Wreturn-type -Wcast-qual -Wall -Wno-unknown-pragmas -Wno-long-long    conftest.c >&5
configure:6985: $? = 0
configure:6989: test -z 
			 || test ! -s conftest.err
configure:6992: $? = 0
configure:6995: test -s conftest.o
configure:6998: $? = 0
configure:7009: result: yes
configure:6963: checking for sys/stat.h
configure:6979: gcc -c -O3 -pipe -DNDEBUG -Wimplicit -Wparentheses -Wsequence-point -Wreturn-type -Wcast-qual -Wall -Wno-unknown-pragmas -Wno-long-long    conftest.c >&5
configure:6985: $? = 0
configure:6989: test -z 
			 || test ! -s conftest.err
configure:6992: $? = 0
configure:6995: test -s conftest.o
configure:6998: $? = 0
configure:7009: result: yes
configure:6963: checking for stdlib.h
configure:6979: gcc -c -O3 -pipe -DNDEBUG -Wimplicit -Wparentheses -Wsequence-point -Wreturn-type -Wcast-qual -Wall -Wno-unknown-pragmas -Wno-long-long    conftest.c >&5
configure:6985: $? = 0
configure:6989: test -z 
			 || test ! -s conftest.err
configure:6992: $? = 0
configure:6995: test -s conftest.o
configure:6998: $? = 0
configure:7009: result: yes
configure:6963: checking for string.h
configure:6979: gcc -c -O3 -pipe -DNDEBUG -Wimplicit -Wparentheses -Wsequence-point -Wreturn-type -Wcast-qual -Wall -Wno-unknown-pragmas -Wno-long-long    conftest.c >&5
configure:6985: $? = 0
configure:6989: test -z 
			 || test ! -s conftest.err
configure:6992: $? = 0
configure:6995: test -s conftest.o
configure:6998: $? = 0
configure:7009: result: yes
configure:6963: checking for memory.h
configure:6979: gcc -c -O3 -pipe -DNDEBUG -Wimplicit -Wparentheses -Wsequence-point -Wreturn-type -Wcast-qual -Wall -Wno-unknown-pragmas -Wno-long-long    conftest.c >&5
configure:6985: $? = 0
configure:6989: test -z 
			 || test ! -s conftest.err
configure:6992: $? = 0
configure:6995: test -s conftest.o
configure:6998: $? = 0
configure:7009: result: yes
configure:6963: checking for strings.h
configure:6979: gcc -c -O3 -pipe -DNDEBUG -Wimplicit -Wparentheses -Wsequence-point -Wreturn-type -Wcast-qual -Wall -Wno-unknown-pragmas -Wno-long-long    conftest.c >&5
configure:6985: $? = 0
configure:6989: test -z 
			 || test ! -s conftest.err
configure:6992: $? = 0
configure:6995: test -s conftest.o
configure:6998: $? = 0
configure:7009: result: yes
configure:6963: checking for inttypes.h
configure:6979: gcc -c -O3 -pipe -DNDEBUG -Wimplicit -Wparentheses -Wsequence-point -Wreturn-type -Wcast-qual -Wall -Wno-unknown-pragmas -Wno-long-long    conftest.c >&5
configure:6985: $? = 0
configure:6989: test -z 
			 || test ! -s conftest.err
configure:6992: $? = 0
configure:6995: test -s conftest.o
configure:6998: $? = 0
configure:7009: result: yes
configure:6963: checking for stdint.h
configure:6979: gcc -c -O3 -pipe -DNDEBUG -Wimplicit -Wparentheses -Wsequence-point -Wreturn-type -Wcast-qual -Wall -Wno-unknown-pragmas -Wno-long-long    conftest.c >&5
configure:6985: $? = 0
configure:6989: test -z 
			 || test ! -s conftest.err
configure:6992: $? = 0
configure:6995: test -s conftest.o
configure:6998: $? = 0
configure:7009: result: yes
configure:6963: checking for unistd.h
configure:6979: gcc -c -O3 -pipe -DNDEBUG -Wimplicit -Wparentheses -Wsequence-point -Wreturn-type -Wcast-qual -Wall -Wno-unknown-pragmas -Wno-long-long    conftest.c >&5
configure:6985: $? = 0
configure:6989: test -z 
			 || test ! -s conftest.err
configure:6992: $? = 0
configure:6995: test -s conftest.o
configure:6998: $? = 0
configure:7009: result: yes
configure:7035: checking dlfcn.h usability
configure:7047: gcc -c -O3 -pipe -DNDEBUG -Wimplicit -Wparentheses -Wsequence-point -Wreturn-type -Wcast-qual -Wall -Wno-unknown-pragmas -Wno-long-long    conftest.c >&5
configure:7053: $? = 0
configure:7057: test -z 
			 || test ! -s conftest.err
configure:7060: $? = 0
configure:7063: test -s conftest.o
configure:7066: $? = 0
configure:7076: result: yes
configure:7080: checking dlfcn.h presence
configure:7090: gcc -E  conftest.c
configure:7096: $? = 0
configure:7116: result: yes
configure:7151: checking for dlfcn.h
configure:7158: result: yes
configure:7181: checking how to run the C++ preprocessor
configure:7212: g++ -E  conftest.cc
configure:7218: $? = 0
configure:7250: g++ -E  conftest.cc
conftest.cc:25:28: fatal error: ac_nonexistent.h: No such file or directory
 #include <ac_nonexistent.h>
                            ^
compilation terminated.
configure:7256: $? = 1
configure: failed program was:
| /* confdefs.h.  */
| 
| #define PACKAGE_NAME "Ipopt"
| #define PACKAGE_TARNAME "ipopt"
| #define PACKAGE_VERSION "3.12"
| #define PACKAGE_STRING "Ipopt 3.12"
| #define PACKAGE_BUGREPORT "http://projects.coin-or.org/Ipopt/newticket"
| #ifdef __cplusplus
| extern "C" void exit (int) throw ();
| #endif
| #define PACKAGE "ipopt"
| #define VERSION "3.12"
| #define STDC_HEADERS 1
| #define HAVE_SYS_TYPES_H 1
| #define HAVE_SYS_STAT_H 1
| #define HAVE_STDLIB_H 1
| #define HAVE_STRING_H 1
| #define HAVE_MEMORY_H 1
| #define HAVE_STRINGS_H 1
| #define HAVE_INTTYPES_H 1
| #define HAVE_STDINT_H 1
| #define HAVE_UNISTD_H 1
| #define HAVE_DLFCN_H 1
| /* end confdefs.h.  */
| #include <ac_nonexistent.h>
configure:7295: result: g++ -E
configure:7319: g++ -E  conftest.cc
configure:7325: $? = 0
configure:7357: g++ -E  conftest.cc
conftest.cc:25:28: fatal error: ac_nonexistent.h: No such file or directory
 #include <ac_nonexistent.h>
                            ^
compilation terminated.
configure:7363: $? = 1
configure: failed program was:
| /* confdefs.h.  */
| 
| #define PACKAGE_NAME "Ipopt"
| #define PACKAGE_TARNAME "ipopt"
| #define PACKAGE_VERSION "3.12"
| #define PACKAGE_STRING "Ipopt 3.12"
| #define PACKAGE_BUGREPORT "http://projects.coin-or.org/Ipopt/newticket"
| #ifdef __cplusplus
| extern "C" void exit (int) throw ();
| #endif
| #define PACKAGE "ipopt"
| #define VERSION "3.12"
| #define STDC_HEADERS 1
| #define HAVE_SYS_TYPES_H 1
| #define HAVE_SYS_STAT_H 1
| #define HAVE_STDLIB_H 1
| #define HAVE_STRING_H 1
| #define HAVE_MEMORY_H 1
| #define HAVE_STRINGS_H 1
| #define HAVE_INTTYPES_H 1
| #define HAVE_STDINT_H 1
| #define HAVE_UNISTD_H 1
| #define HAVE_DLFCN_H 1
| /* end confdefs.h.  */
| #include <ac_nonexistent.h>
configure:7412: checking the maximum length of command line arguments
configure:7521: result: 32768
configure:7532: checking command to parse /usr/bin/nm -B output from gcc object
configure:7637: g++ -c -O3 -pipe -DNDEBUG -Wparentheses -Wreturn-type -Wcast-qual -Wall -Wpointer-arith -Wwrite-strings -Wconversion -Wno-unknown-pragmas -Wno-long-long    conftest.cc >&5
configure:7640: $? = 0
configure:7644: /usr/bin/nm -B conftest.o \| sed -n -e 's/^.*[ 	]\([ABCDGIRSTW][ABCDGIRSTW]*\)[ 	][ 	]*\([_A-Za-z][_A-Za-z0-9]*\)$/\1 \2 \2/p' \> conftest.nm
configure:7647: $? = 0
configure:7699: g++ -o conftest -O3 -pipe -DNDEBUG -Wparentheses -Wreturn-type -Wcast-qual -Wall -Wpointer-arith -Wwrite-strings -Wconversion -Wno-unknown-pragmas -Wno-long-long     conftest.cc conftstm.o >&5
configure:7702: $? = 0
configure:7740: result: ok
configure:7744: checking for objdir
configure:7759: result: .libs
configure:7849: checking for ar
configure:7865: found /usr/bin/ar
configure:7876: result: ar
configure:7929: checking for ranlib
configure:7945: found /usr/bin/ranlib
configure:7956: result: ranlib
configure:8009: checking for strip
configure:8025: found /usr/bin/strip
configure:8036: result: strip
configure:8312: checking if gcc supports -fno-rtti -fno-exceptions
configure:8330: gcc -c -O3 -pipe -DNDEBUG -Wimplicit -Wparentheses -Wsequence-point -Wreturn-type -Wcast-qual -Wall -Wno-unknown-pragmas -Wno-long-long    -fno-rtti -fno-exceptions conftest.c >&5
cc1: warning: command line option '-fno-rtti' is valid for C++/ObjC++ but not for C [enabled by default]
configure:8334: $? = 0
configure:8347: result: no
configure:8362: checking for gcc option to produce PIC
configure:8572: result: -fPIC
configure:8580: checking if gcc PIC flag -fPIC works
configure:8598: gcc -c -O3 -pipe -DNDEBUG -Wimplicit -Wparentheses -Wsequence-point -Wreturn-type -Wcast-qual -Wall -Wno-unknown-pragmas -Wno-long-long    -fPIC -DPIC conftest.c >&5
configure:8602: $? = 0
configure:8615: result: yes
configure:8643: checking if gcc static flag -static works
configure:8671: result: yes
configure:8681: checking if gcc supports -c -o file.o
configure:8702: gcc -c -O3 -pipe -DNDEBUG -Wimplicit -Wparentheses -Wsequence-point -Wreturn-type -Wcast-qual -Wall -Wno-unknown-pragmas -Wno-long-long    -o out/conftest2.o conftest.c >&5
configure:8706: $? = 0
configure:8728: result: yes
configure:8754: checking whether the gcc linker (/usr/bin/ld -m elf_x86_64) supports shared libraries
configure:9712: result: yes
configure:9779: checking dynamic linker characteristics
configure:10367: result: GNU/Linux ld.so
configure:10376: checking how to hardcode library paths into programs
configure:10401: result: immediate
configure:10415: checking whether stripping libraries is possible
configure:10420: result: yes
configure:11254: checking if libtool supports shared libraries
configure:11256: result: yes
configure:11259: checking whether to build shared libraries
configure:11280: result: no
configure:11283: checking whether to build static libraries
configure:11287: result: yes
configure:11379: creating libtool
configure:11967: checking for ld used by g++
configure:12034: result: /usr/bin/ld -m elf_x86_64
configure:12043: checking if the linker (/usr/bin/ld -m elf_x86_64) is GNU ld
configure:12058: result: yes
configure:12109: checking whether the g++ linker (/usr/bin/ld -m elf_x86_64) supports shared libraries
configure:13047: result: yes
configure:13069: g++ -c -O3 -pipe -DNDEBUG -Wparentheses -Wreturn-type -Wcast-qual -Wall -Wpointer-arith -Wwrite-strings -Wconversion -Wno-unknown-pragmas -Wno-long-long    conftest.cpp >&5
configure:13072: $? = 0
configure:13191: checking for g++ option to produce PIC
configure:13465: result: -fPIC
configure:13473: checking if g++ PIC flag -fPIC works
configure:13491: g++ -c -O3 -pipe -DNDEBUG -Wparentheses -Wreturn-type -Wcast-qual -Wall -Wpointer-arith -Wwrite-strings -Wconversion -Wno-unknown-pragmas -Wno-long-long    -fPIC -DPIC conftest.cpp >&5
configure:13495: $? = 0
configure:13508: result: yes
configure:13536: checking if g++ static flag -static works
configure:13564: result: yes
configure:13574: checking if g++ supports -c -o file.o
configure:13595: g++ -c -O3 -pipe -DNDEBUG -Wparentheses -Wreturn-type -Wcast-qual -Wall -Wpointer-arith -Wwrite-strings -Wconversion -Wno-unknown-pragmas -Wno-long-long    -o out/conftest2.o conftest.cpp >&5
configure:13599: $? = 0
configure:13621: result: yes
configure:13647: checking whether the g++ linker (/usr/bin/ld -m elf_x86_64) supports shared libraries
configure:13672: result: yes
configure:13739: checking dynamic linker characteristics
configure:14327: result: GNU/Linux ld.so
configure:14336: checking how to hardcode library paths into programs
configure:14361: result: immediate
configure:14887: checking if libtool supports shared libraries
configure:14889: result: yes
configure:14892: checking whether to build shared libraries
configure:14912: result: no
configure:14915: checking whether to build static libraries
configure:14919: result: yes
configure:14929: checking for gfortran option to produce PIC
configure:15139: result: -fPIC
configure:15147: checking if gfortran PIC flag -fPIC works
configure:15165: gfortran -c -O3 -pipe   -fPIC conftest.f >&5
configure:15169: $? = 0
configure:15182: result: yes
configure:15210: checking if gfortran static flag -static works
configure:15238: result: yes
configure:15248: checking if gfortran supports -c -o file.o
configure:15269: gfortran -c -O3 -pipe   -o out/conftest2.o conftest.f >&5
configure:15273: $? = 0
configure:15295: result: yes
configure:15321: checking whether the gfortran linker (/usr/bin/ld -m elf_x86_64) supports shared libraries
configure:16259: result: yes
configure:16326: checking dynamic linker characteristics
configure:16914: result: GNU/Linux ld.so
configure:16923: checking how to hardcode library paths into programs
configure:16948: result: immediate
configure:20534: Build is "x86_64-unknown-linux-gnu".
configure:20787: checking if library version is set
configure:20794: result: no
configure:20810: checking whether source of project ASL is available and should be compiled
configure:20919: result: yes, source in ThirdParty/ASL
configure:20934: checking whether source of project Metis is available and should be compiled
configure:21043: result: no, source file /homes/wendydi/CoinIpopt/ThirdParty/Metis/metis-4.0/Lib/balance.c not available
configure:21059: checking whether source of project Blas is available and should be compiled
configure:21184: result: yes, source in ThirdParty/Blas
configure:21199: checking whether source of project Lapack is available and should be compiled
configure:21324: result: yes, source in ThirdParty/Lapack
configure:21339: checking whether source of project HSL is available and should be compiled
configure:21448: result: yes, source in ThirdParty/HSL
configure:21463: checking whether source of project Mumps is available and should be compiled
configure:21572: result: no, source file /homes/wendydi/CoinIpopt/ThirdParty/Mumps/MUMPS/src/dmumps_part1.F not available
configure:21593: checking whether source of project Ipopt is available and should be compiled
configure:21690: result: yes, source in Ipopt
configure:21711: configuring doxygen documentation options
configure:21718: checking for doxygen
configure:21734: found /usr/bin/doxygen
configure:21745: result: yes
configure:21754: checking for latex
configure:21770: found /usr/bin/latex
configure:21781: result: yes
configure:21809: checking for dot
configure:21825: found /usr/bin/dot
configure:21836: result: YES
configure:21942: checking which command should be used to link input files
configure:21950: result: ln -s
configure:22196: creating ./config.status

## ---------------------- ##
## Running config.status. ##
## ---------------------- ##

This file was extended by Ipopt config.status 3.12, which was
generated by GNU Autoconf 2.59.  Invocation command line was

  CONFIG_FILES    = 
  CONFIG_HEADERS  = 
  CONFIG_LINKS    = 
  CONFIG_COMMANDS = 
  $ ./config.status 

on churn

config.status:763: creating Makefile
config.status:763: creating doxydoc/doxygen.conf
config.status:939: executing depfiles commands
configure:23357: configuring in ThirdParty/ASL
configure:23474: running /bin/sh '/homes/wendydi/CoinIpopt/ThirdParty/ASL/configure' --prefix=/nfs2/wendydi/Documents/Research/Di_MATLABtool/Ipopt  --cache-file=/dev/null --srcdir=/homes/wendydi/CoinIpopt/ThirdParty/ASL
configure:23357: configuring in ThirdParty/Blas
configure:23474: running /bin/sh '/homes/wendydi/CoinIpopt/ThirdParty/Blas/configure' --prefix=/nfs2/wendydi/Documents/Research/Di_MATLABtool/Ipopt  --cache-file=/dev/null --srcdir=/homes/wendydi/CoinIpopt/ThirdParty/Blas
configure:23357: configuring in ThirdParty/Lapack
configure:23474: running /bin/sh '/homes/wendydi/CoinIpopt/ThirdParty/Lapack/configure' --prefix=/nfs2/wendydi/Documents/Research/Di_MATLABtool/Ipopt  --cache-file=/dev/null --srcdir=/homes/wendydi/CoinIpopt/ThirdParty/Lapack
configure:23357: configuring in ThirdParty/HSL
configure:23474: running /bin/sh '/homes/wendydi/CoinIpopt/ThirdParty/HSL/configure' --prefix=/nfs2/wendydi/Documents/Research/Di_MATLABtool/Ipopt  --cache-file=/dev/null --srcdir=/homes/wendydi/CoinIpopt/ThirdParty/HSL
configure:23357: configuring in Ipopt
configure:23474: running /bin/sh '/homes/wendydi/CoinIpopt/Ipopt/configure' --prefix=/nfs2/wendydi/Documents/Research/Di_MATLABtool/Ipopt  --cache-file=/dev/null --srcdir=/homes/wendydi/CoinIpopt/Ipopt
configure:23543: In case of trouble, first consult the troubleshooting page at https://projects.coin-or.org/BuildTools/wiki/user-troubleshooting
configure:23549: Main configuration of Ipopt successful

## ---------------- ##
## Cache variables. ##
## ---------------- ##

ac_cv_build=x86_64-unknown-linux-gnu
ac_cv_build_alias=x86_64-unknown-linux-gnu
ac_cv_c_compiler_gnu=yes
ac_cv_cxx_compiler_gnu=yes
ac_cv_env_ADD_CFLAGS_set=
ac_cv_env_ADD_CFLAGS_value=
ac_cv_env_ADD_CXXFLAGS_set=
ac_cv_env_ADD_CXXFLAGS_value=
ac_cv_env_ADD_FFLAGS_set=
ac_cv_env_ADD_FFLAGS_value=
ac_cv_env_CC_set=
ac_cv_env_CC_value=
ac_cv_env_CDEFS_set=
ac_cv_env_CDEFS_value=
ac_cv_env_CFLAGS_set=
ac_cv_env_CFLAGS_value=
ac_cv_env_COIN_SKIP_PROJECTS_set=
ac_cv_env_COIN_SKIP_PROJECTS_value=
ac_cv_env_CPPFLAGS_set=
ac_cv_env_CPPFLAGS_value=
ac_cv_env_CPP_set=
ac_cv_env_CPP_value=
ac_cv_env_CXXCPP_set=
ac_cv_env_CXXCPP_value=
ac_cv_env_CXXDEFS_set=
ac_cv_env_CXXDEFS_value=
ac_cv_env_CXXFLAGS_set=
ac_cv_env_CXXFLAGS_value=
ac_cv_env_CXX_set=
ac_cv_env_CXX_value=
ac_cv_env_DBG_CFLAGS_set=
ac_cv_env_DBG_CFLAGS_value=
ac_cv_env_DBG_CXXFLAGS_set=
ac_cv_env_DBG_CXXFLAGS_value=
ac_cv_env_DBG_FFLAGS_set=
ac_cv_env_DBG_FFLAGS_value=
ac_cv_env_F77_set=
ac_cv_env_F77_value=
ac_cv_env_FFLAGS_set=
ac_cv_env_FFLAGS_value=
ac_cv_env_LDFLAGS_set=
ac_cv_env_LDFLAGS_value=
ac_cv_env_MPICC_set=
ac_cv_env_MPICC_value=
ac_cv_env_MPICXX_set=
ac_cv_env_MPICXX_value=
ac_cv_env_MPIF77_set=
ac_cv_env_MPIF77_value=
ac_cv_env_OPT_CFLAGS_set=
ac_cv_env_OPT_CFLAGS_value=
ac_cv_env_OPT_CXXFLAGS_set=
ac_cv_env_OPT_CXXFLAGS_value=
ac_cv_env_OPT_FFLAGS_set=
ac_cv_env_OPT_FFLAGS_value=
ac_cv_env_build_alias_set=
ac_cv_env_build_alias_value=
ac_cv_env_host_alias_set=
ac_cv_env_host_alias_value=
ac_cv_env_target_alias_set=
ac_cv_env_target_alias_value=
ac_cv_exeext=
ac_cv_f77_compiler_gnu=yes
ac_cv_header_dlfcn_h=yes
ac_cv_header_inttypes_h=yes
ac_cv_header_memory_h=yes
ac_cv_header_stdc=yes
ac_cv_header_stdint_h=yes
ac_cv_header_stdlib_h=yes
ac_cv_header_string_h=yes
ac_cv_header_strings_h=yes
ac_cv_header_sys_stat_h=yes
ac_cv_header_sys_types_h=yes
ac_cv_header_unistd_h=yes
ac_cv_host=x86_64-unknown-linux-gnu
ac_cv_host_alias=x86_64-unknown-linux-gnu
ac_cv_objext=o
ac_cv_path_install='/usr/bin/install -c'
ac_cv_prog_AWK=gawk
ac_cv_prog_CPP='gcc -E'
ac_cv_prog_CXXCPP='g++ -E'
ac_cv_prog_ac_ct_AR=ar
ac_cv_prog_ac_ct_CC=gcc
ac_cv_prog_ac_ct_CXX=g++
ac_cv_prog_ac_ct_F77=gfortran
ac_cv_prog_ac_ct_RANLIB=ranlib
ac_cv_prog_ac_ct_STRIP=strip
ac_cv_prog_cc_g=yes
ac_cv_prog_cc_stdc=
ac_cv_prog_coin_doxy_usedot=YES
ac_cv_prog_coin_have_doxygen=yes
ac_cv_prog_coin_have_latex=yes
ac_cv_prog_cxx_g=yes
ac_cv_prog_egrep='grep -E'
ac_cv_prog_f77_g=yes
ac_cv_prog_make_make_set=yes
am_cv_CC_dependencies_compiler_type=gcc3
am_cv_CXX_dependencies_compiler_type=gcc3
lt_cv_deplibs_check_method=pass_all
lt_cv_file_magic_cmd='$MAGIC_CMD'
lt_cv_file_magic_test_file=
lt_cv_ld_reload_flag=-r
lt_cv_objdir=.libs
lt_cv_path_LD=/usr/bin/ld
lt_cv_path_LDCXX='/usr/bin/ld -m elf_x86_64'
lt_cv_path_NM='/usr/bin/nm -B'
lt_cv_path_SED=/bin/sed
lt_cv_prog_compiler_c_o=yes
lt_cv_prog_compiler_c_o_CXX=yes
lt_cv_prog_compiler_c_o_F77=yes
lt_cv_prog_compiler_rtti_exceptions=no
lt_cv_prog_gnu_ld=yes
lt_cv_prog_gnu_ldcxx=yes
lt_cv_sys_global_symbol_pipe='sed -n -e '\''s/^.*[ 	]\([ABCDGIRSTW][ABCDGIRSTW]*\)[ 	][ 	]*\([_A-Za-z][_A-Za-z0-9]*\)$/\1 \2 \2/p'\'''
lt_cv_sys_global_symbol_to_c_name_address='sed -n -e '\''s/^: \([^ ]*\) $/  {\"\1\", (lt_ptr) 0},/p'\'' -e '\''s/^[BCDEGRST] \([^ ]*\) \([^ ]*\)$/  {"\2", (lt_ptr) \&\2},/p'\'''
lt_cv_sys_global_symbol_to_cdecl='sed -n -e '\''s/^. .* \(.*\)$/extern int \1;/p'\'''
lt_cv_sys_max_cmd_len=32768
lt_lt_cv_prog_compiler_c_o='"yes"'
lt_lt_cv_prog_compiler_c_o_CXX='"yes"'
lt_lt_cv_prog_compiler_c_o_F77='"yes"'
lt_lt_cv_sys_global_symbol_pipe='"sed -n -e '\''s/^.*[ 	]\\([ABCDGIRSTW][ABCDGIRSTW]*\\)[ 	][ 	]*\\([_A-Za-z][_A-Za-z0-9]*\\)\$/\\1 \\2 \\2/p'\''"'
lt_lt_cv_sys_global_symbol_to_c_name_address='"sed -n -e '\''s/^: \\([^ ]*\\) \$/  {\\\"\\1\\\", (lt_ptr) 0},/p'\'' -e '\''s/^[BCDEGRST] \\([^ ]*\\) \\([^ ]*\\)\$/  {\"\\2\", (lt_ptr) \\&\\2},/p'\''"'
lt_lt_cv_sys_global_symbol_to_cdecl='"sed -n -e '\''s/^. .* \\(.*\\)\$/extern int \\1;/p'\''"'

## ----------------- ##
## Output variables. ##
## ----------------- ##

ABSBUILDDIR=''
ACLOCAL='${SHELL} /homes/wendydi/CoinIpopt/missing --run aclocal-1.9'
ADD_CFLAGS=''
ADD_CXXFLAGS=''
ADD_FFLAGS=''
AMDEPBACKSLASH='\'
AMDEP_FALSE='#'
AMDEP_TRUE=''
AMTAR='${SHELL} /homes/wendydi/CoinIpopt/missing --run tar'
AR='ar'
AUTOCONF='${SHELL} /homes/wendydi/CoinIpopt/missing --run autoconf'
AUTOHEADER='${SHELL} /homes/wendydi/CoinIpopt/missing --run autoheader'
AUTOMAKE='${SHELL} /homes/wendydi/CoinIpopt/missing --run automake-1.9'
AUX_DIR=''
AWK='gawk'
BUILDTOOLSDIR=''
CC='gcc'
CCDEPMODE='depmode=gcc3'
CDEFS=''
CFLAGS='-O3 -pipe -DNDEBUG -Wimplicit -Wparentheses -Wsequence-point -Wreturn-type -Wcast-qual -Wall -Wno-unknown-pragmas -Wno-long-long  '
COIN_CC_IS_CL_FALSE=''
COIN_CC_IS_CL_TRUE='#'
COIN_CXX_IS_CL_FALSE=''
COIN_CXX_IS_CL_TRUE='#'
COIN_HAS_DOXYGEN_FALSE='#'
COIN_HAS_DOXYGEN_TRUE=''
COIN_HAS_LATEX_FALSE='#'
COIN_HAS_LATEX_TRUE=''
COIN_SKIP_PROJECTS=''
CPP='gcc -E'
CPPFLAGS=''
CXX='g++'
CXXCPP='g++ -E'
CXXDEFS=''
CXXDEPMODE='depmode=gcc3'
CXXFLAGS='-O3 -pipe -DNDEBUG -Wparentheses -Wreturn-type -Wcast-qual -Wall -Wpointer-arith -Wwrite-strings -Wconversion -Wno-unknown-pragmas -Wno-long-long  '
CYGPATH_W='echo'
DBG_CFLAGS='-g -O0 -pipe -Wimplicit -Wparentheses -Wsequence-point -Wreturn-type -Wcast-qual -Wall -Wno-unknown-pragmas -Wno-long-long  '
DBG_CXXFLAGS='-g -O0 -pipe -Wparentheses -Wreturn-type -Wcast-qual -Wall -Wpointer-arith -Wwrite-strings -Wconversion -Wno-unknown-pragmas -Wno-long-long  '
DBG_FFLAGS='-g -O0 -pipe  '
DEFS='-DPACKAGE_NAME=\"Ipopt\" -DPACKAGE_TARNAME=\"ipopt\" -DPACKAGE_VERSION=\"3.12\" -DPACKAGE_STRING=\"Ipopt\ 3.12\" -DPACKAGE_BUGREPORT=\"http://projects.coin-or.org/Ipopt/newticket\" -DPACKAGE=\"ipopt\" -DVERSION=\"3.12\" -DSTDC_HEADERS=1 -DHAVE_SYS_TYPES_H=1 -DHAVE_SYS_STAT_H=1 -DHAVE_STDLIB_H=1 -DHAVE_STRING_H=1 -DHAVE_MEMORY_H=1 -DHAVE_STRINGS_H=1 -DHAVE_INTTYPES_H=1 -DHAVE_STDINT_H=1 -DHAVE_UNISTD_H=1 -DHAVE_DLFCN_H=1 '
DEPDIR='.deps'
DEPENDENCY_LINKING_FALSE='#'
DEPENDENCY_LINKING_TRUE=''
ECHO='echo'
ECHO_C=''
ECHO_N='-n'
ECHO_T=''
EGREP='grep -E'
EXEEXT=''
F77='gfortran'
FFLAGS='-O3 -pipe  '
HAVE_EXTERNALS_FALSE=''
HAVE_EXTERNALS_TRUE='#'
INSTALL_DATA='${INSTALL} -m 644'
INSTALL_PROGRAM='${INSTALL}'
INSTALL_SCRIPT='${INSTALL}'
INSTALL_STRIP_PROGRAM='${SHELL} $(install_sh) -c -s'
LDFLAGS=''
LIBEXT='a'
LIBOBJS=''
LIBS=''
LIBTOOL='$(SHELL) $(top_builddir)/libtool'
LIBTOOLM4=''
LN_S='ln -s'
LTLIBOBJS=''
LT_LDFLAGS='-no-undefined'
MAINT='#'
MAINTAINER_MODE_FALSE=''
MAINTAINER_MODE_TRUE='#'
MAKEINFO='${SHELL} /homes/wendydi/CoinIpopt/missing --run makeinfo'
MPICC=''
MPICXX=''
MPIF77=''
OBJEXT='o'
OPT_CFLAGS='-O3 -pipe -DNDEBUG -Wimplicit -Wparentheses -Wsequence-point -Wreturn-type -Wcast-qual -Wall -Wno-unknown-pragmas -Wno-long-long  '
OPT_CXXFLAGS='-O3 -pipe -DNDEBUG -Wparentheses -Wreturn-type -Wcast-qual -Wall -Wpointer-arith -Wwrite-strings -Wconversion -Wno-unknown-pragmas -Wno-long-long  '
OPT_FFLAGS='-O3 -pipe  '
PACKAGE='ipopt'
PACKAGE_BUGREPORT='http://projects.coin-or.org/Ipopt/newticket'
PACKAGE_NAME='Ipopt'
PACKAGE_STRING='Ipopt 3.12'
PACKAGE_TARNAME='ipopt'
PACKAGE_VERSION='3.12'
PATH_SEPARATOR=':'
RANLIB='ranlib'
RPATH_FLAGS=''
SET_MAKE=''
SHELL='/bin/sh'
STRIP='strip'
VERSION='3.12'
VPATH_DISTCLEANFILES=''
abs_bin_dir='/nfs2/wendydi/Documents/Research/Di_MATLABtool/Ipopt/bin'
abs_include_dir='/nfs2/wendydi/Documents/Research/Di_MATLABtool/Ipopt/include'
abs_lib_dir='/nfs2/wendydi/Documents/Research/Di_MATLABtool/Ipopt/lib'
abs_source_dir='/homes/wendydi/CoinIpopt'
ac_c_preproc_warn_flag=''
ac_ct_AR='ar'
ac_ct_CC='gcc'
ac_ct_CXX='g++'
ac_ct_F77='gfortran'
ac_ct_RANLIB='ranlib'
ac_ct_STRIP='strip'
ac_cxx_preproc_warn_flag=''
am__fastdepCC_FALSE='#'
am__fastdepCC_TRUE=''
am__fastdepCXX_FALSE='#'
am__fastdepCXX_TRUE=''
am__include='include'
am__leading_dot='.'
am__quote=''
am__tar='${AMTAR} chof - "$$tardir"'
am__untar='${AMTAR} xf -'
bindir='${exec_prefix}/bin'
build='x86_64-unknown-linux-gnu'
build_alias=''
build_cpu='x86_64'
build_os='linux-gnu'
build_vendor='unknown'
coin_doxy_excludes=''
coin_doxy_logname='doxydoc/ipopt_doxy.log'
coin_doxy_tagfiles=''
coin_doxy_tagname='doxydoc/ipopt_doxy.tag'
coin_doxy_usedot='YES'
coin_have_doxygen='yes'
coin_have_latex='yes'
datadir='${prefix}/share'
exec_prefix='${prefix}'
have_autoconf=''
have_automake=''
have_svn=''
host='x86_64-unknown-linux-gnu'
host_alias=''
host_cpu='x86_64'
host_os='linux-gnu'
host_vendor='unknown'
includedir='${prefix}/include'
infodir='${prefix}/info'
install_sh='/homes/wendydi/CoinIpopt/install-sh'
libdir='${exec_prefix}/lib'
libexecdir='${exec_prefix}/libexec'
localstatedir='${prefix}/var'
mandir='${prefix}/man'
mkdir_p='mkdir -p --'
oldincludedir='/usr/include'
prefix='/nfs2/wendydi/Documents/Research/Di_MATLABtool/Ipopt'
program_transform_name='s,x,x,'
sbindir='${exec_prefix}/sbin'
sharedstatedir='${prefix}/com'
sol_cc_compiler=''
subdirs=' ThirdParty/ASL ThirdParty/Blas ThirdParty/Lapack ThirdParty/HSL Ipopt'
sysconfdir='${prefix}/etc'
target_alias=''

## ----------- ##
## confdefs.h. ##
## ----------- ##

#define HAVE_DLFCN_H 1
#define HAVE_INTTYPES_H 1
#define HAVE_MEMORY_H 1
#define HAVE_STDINT_H 1
#define HAVE_STDLIB_H 1
#define HAVE_STRINGS_H 1
#define HAVE_STRING_H 1
#define HAVE_SYS_STAT_H 1
#define HAVE_SYS_TYPES_H 1
#define HAVE_UNISTD_H 1
#define PACKAGE "ipopt"
#define PACKAGE_BUGREPORT "http://projects.coin-or.org/Ipopt/newticket"
#define PACKAGE_NAME "Ipopt"
#define PACKAGE_STRING "Ipopt 3.12"
#define PACKAGE_TARNAME "ipopt"
#define PACKAGE_VERSION "3.12"
#define STDC_HEADERS 1
#define VERSION "3.12"
#endif
#ifdef __cplusplus
extern "C" void exit (int) throw ();

configure: exit 0
