This file contains any messages produced by compilers while
running configure, to aid debugging if configure makes a mistake.

It was created by ADiMat-Client configure 0.6.0, which was
generated by GNU Autoconf 2.69.  Invocation command line was

  $ ./configure --prefix=/Users/Wendydi/Documents/MATLAB/ADIMAT/adimat

## --------- ##
## Platform. ##
## --------- ##

hostname = mcswl079.mcs.anl.gov
uname -m = x86_64
uname -r = 13.4.0
uname -s = Darwin
uname -v = Darwin Kernel Version 13.4.0: Sun Aug 17 19:50:11 PDT 2014; root:xnu-2422.115.4~1/RELEASE_X86_64

/usr/bin/uname -p = i386
/bin/uname -X     = unknown

/bin/arch              = unknown
/usr/bin/arch -k       = unknown
/usr/convex/getsysinfo = unknown
/usr/bin/hostinfo      = Mach kernel version:
	 Darwin Kernel Version 13.4.0: Sun Aug 17 19:50:11 PDT 2014; root:xnu-2422.115.4~1/RELEASE_X86_64
Kernel configured for up to 4 processors.
2 processors are physically available.
4 processors are logically available.
Processor type: i486 (Intel 80486)
Processors active: 0 1 2 3
Primary memory available: 4.00 gigabytes
Default processor set: 169 tasks, 907 threads, 4 processors
Load average: 1.12, Mach factor: 2.87
/bin/machine           = unknown
/usr/bin/oslevel       = unknown
/bin/universe          = unknown

PATH: /opt/local/bin
PATH: /opt/local/sbin
PATH: /opt/local/bin
PATH: /opt/local/sbin
PATH: /Users/Wendydi/Documents/ATPESC/mpich/bin
PATH: /Applications/paraview.app/Contents/bin/
PATH: /Library/Frameworks/Python.framework/Versions/2.7/bin
PATH: /Library/Frameworks/Python.framework/Versions/2.7/bin
PATH: /usr/bin
PATH: /bin
PATH: /usr/sbin
PATH: /sbin
PATH: /usr/local/bin
PATH: /opt/X11/bin
PATH: /usr/local/git/bin
PATH: /usr/texbin


## ----------- ##
## Core tests. ##
## ----------- ##

configure:2597: checking build system type
configure:2611: result: x86_64-apple-darwin13.4.0
configure:2631: checking host system type
configure:2644: result: x86_64-apple-darwin13.4.0
configure:2664: checking target system type
configure:2677: result: x86_64-apple-darwin13.4.0
configure:2722: checking for a BSD-compatible install
configure:2790: result: /usr/bin/install -c
configure:2801: checking whether build environment is sane
configure:2856: result: yes
configure:3007: checking for a thread-safe mkdir -p
configure:3046: result: config/install-sh -c -d
configure:3053: checking for gawk
configure:3069: found /opt/local/bin/gawk
configure:3080: result: gawk
configure:3091: checking whether make sets $(MAKE)
configure:3113: result: yes
configure:3142: checking whether make supports nested variables
configure:3159: result: yes
configure:3285: checking whether make sets $(MAKE)
configure:3307: result: yes
configure:3320: checking for gawk
configure:3347: result: gawk
configure:3417: checking for g++
configure:3433: found /usr/bin/g++
configure:3444: result: g++
configure:3471: checking for C++ compiler version
configure:3480: g++ --version >&5
Apple LLVM version 6.0 (clang-600.0.54) (based on LLVM 3.5svn)
Target: x86_64-apple-darwin13.4.0
Thread model: posix
Configured with: --prefix=/Applications/Xcode.app/Contents/Developer/usr --with-gxx-include-dir=/usr/include/c++/4.2.1
configure:3491: $? = 0
configure:3480: g++ -v >&5
Configured with: --prefix=/Applications/Xcode.app/Contents/Developer/usr --with-gxx-include-dir=/usr/include/c++/4.2.1
Apple LLVM version 6.0 (clang-600.0.54) (based on LLVM 3.5svn)
Target: x86_64-apple-darwin13.4.0
Thread model: posix
configure:3491: $? = 0
configure:3480: g++ -V >&5
clang: error: argument to '-V' is missing (expected 1 value)
clang: error: no input files
configure:3491: $? = 1
configure:3480: g++ -qversion >&5
clang: error: unknown argument: '-qversion'
clang: error: no input files
configure:3491: $? = 1
configure:3511: checking whether the C++ compiler works
configure:3533: g++    conftest.cpp  >&5
configure:3537: $? = 0
configure:3585: result: yes
configure:3588: checking for C++ compiler default output file name
configure:3590: result: a.out
configure:3596: checking for suffix of executables
configure:3603: g++ -o conftest    conftest.cpp  >&5
configure:3607: $? = 0
configure:3629: result: 
configure:3651: checking whether we are cross compiling
configure:3659: g++ -o conftest    conftest.cpp  >&5
configure:3663: $? = 0
configure:3670: ./conftest
configure:3674: $? = 0
configure:3689: result: no
configure:3694: checking for suffix of object files
configure:3716: g++ -c   conftest.cpp >&5
configure:3720: $? = 0
configure:3741: result: o
configure:3745: checking whether we are using the GNU C++ compiler
configure:3764: g++ -c   conftest.cpp >&5
configure:3764: $? = 0
configure:3773: result: yes
configure:3782: checking whether g++ accepts -g
configure:3802: g++ -c -g  conftest.cpp >&5
configure:3802: $? = 0
configure:3843: result: yes
configure:3877: checking for style of include used by make
configure:3905: result: GNU
configure:3931: checking dependency style of g++
configure:4042: result: gcc3
configure:4105: checking for gcc
configure:4121: found /usr/bin/gcc
configure:4132: result: gcc
configure:4361: checking for C compiler version
configure:4370: gcc --version >&5
Apple LLVM version 6.0 (clang-600.0.54) (based on LLVM 3.5svn)
Target: x86_64-apple-darwin13.4.0
Thread model: posix
Configured with: --prefix=/Applications/Xcode.app/Contents/Developer/usr --with-gxx-include-dir=/usr/include/c++/4.2.1
configure:4381: $? = 0
configure:4370: gcc -v >&5
Configured with: --prefix=/Applications/Xcode.app/Contents/Developer/usr --with-gxx-include-dir=/usr/include/c++/4.2.1
Apple LLVM version 6.0 (clang-600.0.54) (based on LLVM 3.5svn)
Target: x86_64-apple-darwin13.4.0
Thread model: posix
configure:4381: $? = 0
configure:4370: gcc -V >&5
clang: error: argument to '-V' is missing (expected 1 value)
clang: error: no input files
configure:4381: $? = 1
configure:4370: gcc -qversion >&5
clang: error: unknown argument: '-qversion'
clang: error: no input files
configure:4381: $? = 1
configure:4385: checking whether we are using the GNU C compiler
configure:4404: gcc -c   conftest.c >&5
configure:4404: $? = 0
configure:4413: result: yes
configure:4422: checking whether gcc accepts -g
configure:4442: gcc -c -g  conftest.c >&5
configure:4442: $? = 0
configure:4483: result: yes
configure:4500: checking for gcc option to accept ISO C89
configure:4563: gcc  -c -g -O2  conftest.c >&5
configure:4563: $? = 0
configure:4576: result: none needed
configure:4601: checking whether gcc understands -c and -o together
configure:4623: gcc -c conftest.c -o conftest2.o
configure:4626: $? = 0
configure:4623: gcc -c conftest.c -o conftest2.o
configure:4626: $? = 0
configure:4638: result: yes
configure:4657: checking dependency style of gcc
configure:4768: result: gcc3
configure:4788: checking how to run the C preprocessor
configure:4819: gcc -E  conftest.c
configure:4819: $? = 0
configure:4833: gcc -E  conftest.c
conftest.c:11:10: fatal error: 'ac_nonexistent.h' file not found
#include <ac_nonexistent.h>
         ^
1 error generated.
configure:4833: $? = 1
configure: failed program was:
| /* confdefs.h */
| #define PACKAGE_NAME "ADiMat-Client"
| #define PACKAGE_TARNAME "adimat-client"
| #define PACKAGE_VERSION "0.6.0"
| #define PACKAGE_STRING "ADiMat-Client 0.6.0"
| #define PACKAGE_BUGREPORT "adimat-users@lists.sc.informatik.tu-darmstadt.de"
| #define PACKAGE_URL "http://www.adimat.de/"
| #define PACKAGE "adimat-client"
| #define VERSION "0.6.0"
| /* end confdefs.h.  */
| #include <ac_nonexistent.h>
configure:4858: result: gcc -E
configure:4878: gcc -E  conftest.c
configure:4878: $? = 0
configure:4892: gcc -E  conftest.c
conftest.c:11:10: fatal error: 'ac_nonexistent.h' file not found
#include <ac_nonexistent.h>
         ^
1 error generated.
configure:4892: $? = 1
configure: failed program was:
| /* confdefs.h */
| #define PACKAGE_NAME "ADiMat-Client"
| #define PACKAGE_TARNAME "adimat-client"
| #define PACKAGE_VERSION "0.6.0"
| #define PACKAGE_STRING "ADiMat-Client 0.6.0"
| #define PACKAGE_BUGREPORT "adimat-users@lists.sc.informatik.tu-darmstadt.de"
| #define PACKAGE_URL "http://www.adimat.de/"
| #define PACKAGE "adimat-client"
| #define VERSION "0.6.0"
| /* end confdefs.h.  */
| #include <ac_nonexistent.h>
configure:4920: checking whether ln -s works
configure:4924: result: yes
configure:4975: checking for ranlib
configure:4991: found /opt/local/bin/ranlib
configure:5002: result: ranlib
configure:5069: checking for strip
configure:5085: found /opt/local/bin/strip
configure:5096: result: strip
configure:5123: checking for cp
configure:5139: found /bin/cp
configure:5150: result: cp
configure:5165: checking for rm
configure:5181: found /bin/rm
configure:5192: result: rm
configure:5207: checking for mv
configure:5223: found /bin/mv
configure:5234: result: mv
configure:5249: checking for basename
configure:5265: found /usr/bin/basename
configure:5276: result: basename
configure:5291: checking for linuxdoc
configure:5321: result: no
configure:5291: checking for sgml2html
configure:5321: result: no
configure:5333: checking for linuxdoc
configure:5363: result: no
configure:5333: checking for sgml2info
configure:5363: result: no
configure:5375: checking for u2d
configure:5405: result: no
configure:5375: checking for unix2dos
configure:5405: result: no
configure:5417: checking for ghead
configure:5447: result: no
configure:5417: checking for head
configure:5433: found /usr/bin/head
configure:5444: result: head
configure:5467: checking setting adimat_home
configure:5469: result: adimat_home=/Users/Wendydi/Documents/MATLAB/ADIMAT/adimat
configure:5484: checking setting static_build
configure:5486: result: static_build=no
configure:5527: checking whether --enable-debug was given
configure:5531: result: no
configure:5555: checking if target is cygwin or mingw
configure:5596: result: no
configure:5621: checking for grep that handles long lines and -e
configure:5679: result: /usr/bin/grep
configure:5684: checking for egrep
configure:5746: result: /usr/bin/grep -E
configure:5751: checking for ANSI C header files
configure:5771: gcc -c -g -O2  conftest.c >&5
configure:5771: $? = 0
configure:5844: gcc -o conftest -g -O2   conftest.c  >&5
configure:5844: $? = 0
configure:5844: ./conftest
configure:5844: $? = 0
configure:5855: result: yes
configure:5865: checking for sys/wait.h that is POSIX.1 compatible
configure:5891: gcc -c -g -O2  conftest.c >&5
configure:5891: $? = 0
configure:5898: result: yes
configure:5912: checking for sys/types.h
configure:5912: gcc -c -g -O2  conftest.c >&5
configure:5912: $? = 0
configure:5912: result: yes
configure:5912: checking for sys/stat.h
configure:5912: gcc -c -g -O2  conftest.c >&5
configure:5912: $? = 0
configure:5912: result: yes
configure:5912: checking for stdlib.h
configure:5912: gcc -c -g -O2  conftest.c >&5
configure:5912: $? = 0
configure:5912: result: yes
configure:5912: checking for string.h
configure:5912: gcc -c -g -O2  conftest.c >&5
configure:5912: $? = 0
configure:5912: result: yes
configure:5912: checking for memory.h
configure:5912: gcc -c -g -O2  conftest.c >&5
configure:5912: $? = 0
configure:5912: result: yes
configure:5912: checking for strings.h
configure:5912: gcc -c -g -O2  conftest.c >&5
configure:5912: $? = 0
configure:5912: result: yes
configure:5912: checking for inttypes.h
configure:5912: gcc -c -g -O2  conftest.c >&5
configure:5912: $? = 0
configure:5912: result: yes
configure:5912: checking for stdint.h
configure:5912: gcc -c -g -O2  conftest.c >&5
configure:5912: $? = 0
configure:5912: result: yes
configure:5912: checking for unistd.h
configure:5912: gcc -c -g -O2  conftest.c >&5
configure:5912: $? = 0
configure:5912: result: yes
configure:5927: checking cfloat usability
configure:5927: gcc -c -g -O2  conftest.c >&5
conftest.c:56:10: fatal error: 'cfloat' file not found
#include <cfloat>
         ^
1 error generated.
configure:5927: $? = 1
configure: failed program was:
| /* confdefs.h */
| #define PACKAGE_NAME "ADiMat-Client"
| #define PACKAGE_TARNAME "adimat-client"
| #define PACKAGE_VERSION "0.6.0"
| #define PACKAGE_STRING "ADiMat-Client 0.6.0"
| #define PACKAGE_BUGREPORT "adimat-users@lists.sc.informatik.tu-darmstadt.de"
| #define PACKAGE_URL "http://www.adimat.de/"
| #define PACKAGE "adimat-client"
| #define VERSION "0.6.0"
| #define ADIMAT_STATIC_BUILD 0
| #define STDC_HEADERS 1
| #define HAVE_SYS_WAIT_H 1
| #define HAVE_SYS_TYPES_H 1
| #define HAVE_SYS_STAT_H 1
| #define HAVE_STDLIB_H 1
| #define HAVE_STRING_H 1
| #define HAVE_MEMORY_H 1
| #define HAVE_STRINGS_H 1
| #define HAVE_INTTYPES_H 1
| #define HAVE_STDINT_H 1
| #define HAVE_UNISTD_H 1
| /* end confdefs.h.  */
| #include <stdio.h>
| #ifdef HAVE_SYS_TYPES_H
| # include <sys/types.h>
| #endif
| #ifdef HAVE_SYS_STAT_H
| # include <sys/stat.h>
| #endif
| #ifdef STDC_HEADERS
| # include <stdlib.h>
| # include <stddef.h>
| #else
| # ifdef HAVE_STDLIB_H
| #  include <stdlib.h>
| # endif
| #endif
| #ifdef HAVE_STRING_H
| # if !defined STDC_HEADERS && defined HAVE_MEMORY_H
| #  include <memory.h>
| # endif
| # include <string.h>
| #endif
| #ifdef HAVE_STRINGS_H
| # include <strings.h>
| #endif
| #ifdef HAVE_INTTYPES_H
| # include <inttypes.h>
| #endif
| #ifdef HAVE_STDINT_H
| # include <stdint.h>
| #endif
| #ifdef HAVE_UNISTD_H
| # include <unistd.h>
| #endif
| #include <cfloat>
configure:5927: result: no
configure:5927: checking cfloat presence
configure:5927: gcc -E  conftest.c
conftest.c:23:10: fatal error: 'cfloat' file not found
#include <cfloat>
         ^
1 error generated.
configure:5927: $? = 1
configure: failed program was:
| /* confdefs.h */
| #define PACKAGE_NAME "ADiMat-Client"
| #define PACKAGE_TARNAME "adimat-client"
| #define PACKAGE_VERSION "0.6.0"
| #define PACKAGE_STRING "ADiMat-Client 0.6.0"
| #define PACKAGE_BUGREPORT "adimat-users@lists.sc.informatik.tu-darmstadt.de"
| #define PACKAGE_URL "http://www.adimat.de/"
| #define PACKAGE "adimat-client"
| #define VERSION "0.6.0"
| #define ADIMAT_STATIC_BUILD 0
| #define STDC_HEADERS 1
| #define HAVE_SYS_WAIT_H 1
| #define HAVE_SYS_TYPES_H 1
| #define HAVE_SYS_STAT_H 1
| #define HAVE_STDLIB_H 1
| #define HAVE_STRING_H 1
| #define HAVE_MEMORY_H 1
| #define HAVE_STRINGS_H 1
| #define HAVE_INTTYPES_H 1
| #define HAVE_STDINT_H 1
| #define HAVE_UNISTD_H 1
| /* end confdefs.h.  */
| #include <cfloat>
configure:5927: result: no
configure:5927: checking for cfloat
configure:5927: result: no
configure:5927: checking cstdlib usability
configure:5927: gcc -c -g -O2  conftest.c >&5
conftest.c:56:10: fatal error: 'cstdlib' file not found
#include <cstdlib>
         ^
1 error generated.
configure:5927: $? = 1
configure: failed program was:
| /* confdefs.h */
| #define PACKAGE_NAME "ADiMat-Client"
| #define PACKAGE_TARNAME "adimat-client"
| #define PACKAGE_VERSION "0.6.0"
| #define PACKAGE_STRING "ADiMat-Client 0.6.0"
| #define PACKAGE_BUGREPORT "adimat-users@lists.sc.informatik.tu-darmstadt.de"
| #define PACKAGE_URL "http://www.adimat.de/"
| #define PACKAGE "adimat-client"
| #define VERSION "0.6.0"
| #define ADIMAT_STATIC_BUILD 0
| #define STDC_HEADERS 1
| #define HAVE_SYS_WAIT_H 1
| #define HAVE_SYS_TYPES_H 1
| #define HAVE_SYS_STAT_H 1
| #define HAVE_STDLIB_H 1
| #define HAVE_STRING_H 1
| #define HAVE_MEMORY_H 1
| #define HAVE_STRINGS_H 1
| #define HAVE_INTTYPES_H 1
| #define HAVE_STDINT_H 1
| #define HAVE_UNISTD_H 1
| /* end confdefs.h.  */
| #include <stdio.h>
| #ifdef HAVE_SYS_TYPES_H
| # include <sys/types.h>
| #endif
| #ifdef HAVE_SYS_STAT_H
| # include <sys/stat.h>
| #endif
| #ifdef STDC_HEADERS
| # include <stdlib.h>
| # include <stddef.h>
| #else
| # ifdef HAVE_STDLIB_H
| #  include <stdlib.h>
| # endif
| #endif
| #ifdef HAVE_STRING_H
| # if !defined STDC_HEADERS && defined HAVE_MEMORY_H
| #  include <memory.h>
| # endif
| # include <string.h>
| #endif
| #ifdef HAVE_STRINGS_H
| # include <strings.h>
| #endif
| #ifdef HAVE_INTTYPES_H
| # include <inttypes.h>
| #endif
| #ifdef HAVE_STDINT_H
| # include <stdint.h>
| #endif
| #ifdef HAVE_UNISTD_H
| # include <unistd.h>
| #endif
| #include <cstdlib>
configure:5927: result: no
configure:5927: checking cstdlib presence
configure:5927: gcc -E  conftest.c
conftest.c:23:10: fatal error: 'cstdlib' file not found
#include <cstdlib>
         ^
1 error generated.
configure:5927: $? = 1
configure: failed program was:
| /* confdefs.h */
| #define PACKAGE_NAME "ADiMat-Client"
| #define PACKAGE_TARNAME "adimat-client"
| #define PACKAGE_VERSION "0.6.0"
| #define PACKAGE_STRING "ADiMat-Client 0.6.0"
| #define PACKAGE_BUGREPORT "adimat-users@lists.sc.informatik.tu-darmstadt.de"
| #define PACKAGE_URL "http://www.adimat.de/"
| #define PACKAGE "adimat-client"
| #define VERSION "0.6.0"
| #define ADIMAT_STATIC_BUILD 0
| #define STDC_HEADERS 1
| #define HAVE_SYS_WAIT_H 1
| #define HAVE_SYS_TYPES_H 1
| #define HAVE_SYS_STAT_H 1
| #define HAVE_STDLIB_H 1
| #define HAVE_STRING_H 1
| #define HAVE_MEMORY_H 1
| #define HAVE_STRINGS_H 1
| #define HAVE_INTTYPES_H 1
| #define HAVE_STDINT_H 1
| #define HAVE_UNISTD_H 1
| /* end confdefs.h.  */
| #include <cstdlib>
configure:5927: result: no
configure:5927: checking for cstdlib
configure:5927: result: no
configure:5927: checking cstring usability
configure:5927: gcc -c -g -O2  conftest.c >&5
conftest.c:56:10: fatal error: 'cstring' file not found
#include <cstring>
         ^
1 error generated.
configure:5927: $? = 1
configure: failed program was:
| /* confdefs.h */
| #define PACKAGE_NAME "ADiMat-Client"
| #define PACKAGE_TARNAME "adimat-client"
| #define PACKAGE_VERSION "0.6.0"
| #define PACKAGE_STRING "ADiMat-Client 0.6.0"
| #define PACKAGE_BUGREPORT "adimat-users@lists.sc.informatik.tu-darmstadt.de"
| #define PACKAGE_URL "http://www.adimat.de/"
| #define PACKAGE "adimat-client"
| #define VERSION "0.6.0"
| #define ADIMAT_STATIC_BUILD 0
| #define STDC_HEADERS 1
| #define HAVE_SYS_WAIT_H 1
| #define HAVE_SYS_TYPES_H 1
| #define HAVE_SYS_STAT_H 1
| #define HAVE_STDLIB_H 1
| #define HAVE_STRING_H 1
| #define HAVE_MEMORY_H 1
| #define HAVE_STRINGS_H 1
| #define HAVE_INTTYPES_H 1
| #define HAVE_STDINT_H 1
| #define HAVE_UNISTD_H 1
| /* end confdefs.h.  */
| #include <stdio.h>
| #ifdef HAVE_SYS_TYPES_H
| # include <sys/types.h>
| #endif
| #ifdef HAVE_SYS_STAT_H
| # include <sys/stat.h>
| #endif
| #ifdef STDC_HEADERS
| # include <stdlib.h>
| # include <stddef.h>
| #else
| # ifdef HAVE_STDLIB_H
| #  include <stdlib.h>
| # endif
| #endif
| #ifdef HAVE_STRING_H
| # if !defined STDC_HEADERS && defined HAVE_MEMORY_H
| #  include <memory.h>
| # endif
| # include <string.h>
| #endif
| #ifdef HAVE_STRINGS_H
| # include <strings.h>
| #endif
| #ifdef HAVE_INTTYPES_H
| # include <inttypes.h>
| #endif
| #ifdef HAVE_STDINT_H
| # include <stdint.h>
| #endif
| #ifdef HAVE_UNISTD_H
| # include <unistd.h>
| #endif
| #include <cstring>
configure:5927: result: no
configure:5927: checking cstring presence
configure:5927: gcc -E  conftest.c
conftest.c:23:10: fatal error: 'cstring' file not found
#include <cstring>
         ^
1 error generated.
configure:5927: $? = 1
configure: failed program was:
| /* confdefs.h */
| #define PACKAGE_NAME "ADiMat-Client"
| #define PACKAGE_TARNAME "adimat-client"
| #define PACKAGE_VERSION "0.6.0"
| #define PACKAGE_STRING "ADiMat-Client 0.6.0"
| #define PACKAGE_BUGREPORT "adimat-users@lists.sc.informatik.tu-darmstadt.de"
| #define PACKAGE_URL "http://www.adimat.de/"
| #define PACKAGE "adimat-client"
| #define VERSION "0.6.0"
| #define ADIMAT_STATIC_BUILD 0
| #define STDC_HEADERS 1
| #define HAVE_SYS_WAIT_H 1
| #define HAVE_SYS_TYPES_H 1
| #define HAVE_SYS_STAT_H 1
| #define HAVE_STDLIB_H 1
| #define HAVE_STRING_H 1
| #define HAVE_MEMORY_H 1
| #define HAVE_STRINGS_H 1
| #define HAVE_INTTYPES_H 1
| #define HAVE_STDINT_H 1
| #define HAVE_UNISTD_H 1
| /* end confdefs.h.  */
| #include <cstring>
configure:5927: result: no
configure:5927: checking for cstring
configure:5927: result: no
configure:5927: checking cctype usability
configure:5927: gcc -c -g -O2  conftest.c >&5
conftest.c:56:10: fatal error: 'cctype' file not found
#include <cctype>
         ^
1 error generated.
configure:5927: $? = 1
configure: failed program was:
| /* confdefs.h */
| #define PACKAGE_NAME "ADiMat-Client"
| #define PACKAGE_TARNAME "adimat-client"
| #define PACKAGE_VERSION "0.6.0"
| #define PACKAGE_STRING "ADiMat-Client 0.6.0"
| #define PACKAGE_BUGREPORT "adimat-users@lists.sc.informatik.tu-darmstadt.de"
| #define PACKAGE_URL "http://www.adimat.de/"
| #define PACKAGE "adimat-client"
| #define VERSION "0.6.0"
| #define ADIMAT_STATIC_BUILD 0
| #define STDC_HEADERS 1
| #define HAVE_SYS_WAIT_H 1
| #define HAVE_SYS_TYPES_H 1
| #define HAVE_SYS_STAT_H 1
| #define HAVE_STDLIB_H 1
| #define HAVE_STRING_H 1
| #define HAVE_MEMORY_H 1
| #define HAVE_STRINGS_H 1
| #define HAVE_INTTYPES_H 1
| #define HAVE_STDINT_H 1
| #define HAVE_UNISTD_H 1
| /* end confdefs.h.  */
| #include <stdio.h>
| #ifdef HAVE_SYS_TYPES_H
| # include <sys/types.h>
| #endif
| #ifdef HAVE_SYS_STAT_H
| # include <sys/stat.h>
| #endif
| #ifdef STDC_HEADERS
| # include <stdlib.h>
| # include <stddef.h>
| #else
| # ifdef HAVE_STDLIB_H
| #  include <stdlib.h>
| # endif
| #endif
| #ifdef HAVE_STRING_H
| # if !defined STDC_HEADERS && defined HAVE_MEMORY_H
| #  include <memory.h>
| # endif
| # include <string.h>
| #endif
| #ifdef HAVE_STRINGS_H
| # include <strings.h>
| #endif
| #ifdef HAVE_INTTYPES_H
| # include <inttypes.h>
| #endif
| #ifdef HAVE_STDINT_H
| # include <stdint.h>
| #endif
| #ifdef HAVE_UNISTD_H
| # include <unistd.h>
| #endif
| #include <cctype>
configure:5927: result: no
configure:5927: checking cctype presence
configure:5927: gcc -E  conftest.c
conftest.c:23:10: fatal error: 'cctype' file not found
#include <cctype>
         ^
1 error generated.
configure:5927: $? = 1
configure: failed program was:
| /* confdefs.h */
| #define PACKAGE_NAME "ADiMat-Client"
| #define PACKAGE_TARNAME "adimat-client"
| #define PACKAGE_VERSION "0.6.0"
| #define PACKAGE_STRING "ADiMat-Client 0.6.0"
| #define PACKAGE_BUGREPORT "adimat-users@lists.sc.informatik.tu-darmstadt.de"
| #define PACKAGE_URL "http://www.adimat.de/"
| #define PACKAGE "adimat-client"
| #define VERSION "0.6.0"
| #define ADIMAT_STATIC_BUILD 0
| #define STDC_HEADERS 1
| #define HAVE_SYS_WAIT_H 1
| #define HAVE_SYS_TYPES_H 1
| #define HAVE_SYS_STAT_H 1
| #define HAVE_STDLIB_H 1
| #define HAVE_STRING_H 1
| #define HAVE_MEMORY_H 1
| #define HAVE_STRINGS_H 1
| #define HAVE_INTTYPES_H 1
| #define HAVE_STDINT_H 1
| #define HAVE_UNISTD_H 1
| /* end confdefs.h.  */
| #include <cctype>
configure:5927: result: no
configure:5927: checking for cctype
configure:5927: result: no
configure:5927: checking cunistd usability
configure:5927: gcc -c -g -O2  conftest.c >&5
conftest.c:56:10: fatal error: 'cunistd' file not found
#include <cunistd>
         ^
1 error generated.
configure:5927: $? = 1
configure: failed program was:
| /* confdefs.h */
| #define PACKAGE_NAME "ADiMat-Client"
| #define PACKAGE_TARNAME "adimat-client"
| #define PACKAGE_VERSION "0.6.0"
| #define PACKAGE_STRING "ADiMat-Client 0.6.0"
| #define PACKAGE_BUGREPORT "adimat-users@lists.sc.informatik.tu-darmstadt.de"
| #define PACKAGE_URL "http://www.adimat.de/"
| #define PACKAGE "adimat-client"
| #define VERSION "0.6.0"
| #define ADIMAT_STATIC_BUILD 0
| #define STDC_HEADERS 1
| #define HAVE_SYS_WAIT_H 1
| #define HAVE_SYS_TYPES_H 1
| #define HAVE_SYS_STAT_H 1
| #define HAVE_STDLIB_H 1
| #define HAVE_STRING_H 1
| #define HAVE_MEMORY_H 1
| #define HAVE_STRINGS_H 1
| #define HAVE_INTTYPES_H 1
| #define HAVE_STDINT_H 1
| #define HAVE_UNISTD_H 1
| /* end confdefs.h.  */
| #include <stdio.h>
| #ifdef HAVE_SYS_TYPES_H
| # include <sys/types.h>
| #endif
| #ifdef HAVE_SYS_STAT_H
| # include <sys/stat.h>
| #endif
| #ifdef STDC_HEADERS
| # include <stdlib.h>
| # include <stddef.h>
| #else
| # ifdef HAVE_STDLIB_H
| #  include <stdlib.h>
| # endif
| #endif
| #ifdef HAVE_STRING_H
| # if !defined STDC_HEADERS && defined HAVE_MEMORY_H
| #  include <memory.h>
| # endif
| # include <string.h>
| #endif
| #ifdef HAVE_STRINGS_H
| # include <strings.h>
| #endif
| #ifdef HAVE_INTTYPES_H
| # include <inttypes.h>
| #endif
| #ifdef HAVE_STDINT_H
| # include <stdint.h>
| #endif
| #ifdef HAVE_UNISTD_H
| # include <unistd.h>
| #endif
| #include <cunistd>
configure:5927: result: no
configure:5927: checking cunistd presence
configure:5927: gcc -E  conftest.c
conftest.c:23:10: fatal error: 'cunistd' file not found
#include <cunistd>
         ^
1 error generated.
configure:5927: $? = 1
configure: failed program was:
| /* confdefs.h */
| #define PACKAGE_NAME "ADiMat-Client"
| #define PACKAGE_TARNAME "adimat-client"
| #define PACKAGE_VERSION "0.6.0"
| #define PACKAGE_STRING "ADiMat-Client 0.6.0"
| #define PACKAGE_BUGREPORT "adimat-users@lists.sc.informatik.tu-darmstadt.de"
| #define PACKAGE_URL "http://www.adimat.de/"
| #define PACKAGE "adimat-client"
| #define VERSION "0.6.0"
| #define ADIMAT_STATIC_BUILD 0
| #define STDC_HEADERS 1
| #define HAVE_SYS_WAIT_H 1
| #define HAVE_SYS_TYPES_H 1
| #define HAVE_SYS_STAT_H 1
| #define HAVE_STDLIB_H 1
| #define HAVE_STRING_H 1
| #define HAVE_MEMORY_H 1
| #define HAVE_STRINGS_H 1
| #define HAVE_INTTYPES_H 1
| #define HAVE_STDINT_H 1
| #define HAVE_UNISTD_H 1
| /* end confdefs.h.  */
| #include <cunistd>
configure:5927: result: no
configure:5927: checking for cunistd
configure:5927: result: no
configure:5938: checking whether the compiler implements namespaces
configure:5961: g++ -c -g -O2  conftest.cpp >&5
configure:5961: $? = 0
configure:5975: result: yes
configure:5983: checking whether the compiler supports Standard Template Library
configure:6012: g++ -c -g -O2  conftest.cpp >&5
configure:6012: $? = 0
configure:6026: result: yes
configure:6077: checking value for SVN_REVISION
configure:6079: result: Unversioned directory
configure:6086: checking value for LONG_VERSION
configure:6088: result: 0.6.0-Unversioned directory
configure:6099: checking value for VERSION_NUMBER
configure:6101: result: 0.60
configure:6105: checking for an ANSI C-conforming const
configure:6171: gcc -c -g -O2  conftest.c >&5
configure:6171: $? = 0
configure:6178: result: yes
configure:6186: checking for inline
configure:6202: gcc -c -g -O2  conftest.c >&5
configure:6202: $? = 0
configure:6210: result: inline
configure:6228: checking for size_t
configure:6228: gcc -c -g -O2  conftest.c >&5
configure:6228: $? = 0
configure:6228: gcc -c -g -O2  conftest.c >&5
conftest.c:69:21: error: expected expression
if (sizeof ((size_t)))
                    ^
1 error generated.
configure:6228: $? = 1
configure: failed program was:
| /* confdefs.h */
| #define PACKAGE_NAME "ADiMat-Client"
| #define PACKAGE_TARNAME "adimat-client"
| #define PACKAGE_VERSION "0.6.0"
| #define PACKAGE_STRING "ADiMat-Client 0.6.0"
| #define PACKAGE_BUGREPORT "adimat-users@lists.sc.informatik.tu-darmstadt.de"
| #define PACKAGE_URL "http://www.adimat.de/"
| #define PACKAGE "adimat-client"
| #define VERSION "0.6.0"
| #define ADIMAT_STATIC_BUILD 0
| #define STDC_HEADERS 1
| #define HAVE_SYS_WAIT_H 1
| #define HAVE_SYS_TYPES_H 1
| #define HAVE_SYS_STAT_H 1
| #define HAVE_STDLIB_H 1
| #define HAVE_STRING_H 1
| #define HAVE_MEMORY_H 1
| #define HAVE_STRINGS_H 1
| #define HAVE_INTTYPES_H 1
| #define HAVE_STDINT_H 1
| #define HAVE_UNISTD_H 1
| #define HAVE_NAMESPACES /**/
| #define HAVE_STL /**/
| #define HOST_ARCH "x86_64-apple-darwin13.4.0"
| #define HOST_CPU "x86_64"
| #define HOST_VENDOR "apple"
| #define HOST_OS_LONG "darwin13.4.0"
| #define HOST_OS_SHORT "darwin13.4.0"
| #define install_prefix "/Users/Wendydi/Documents/MATLAB/ADIMAT/adimat"
| #define ADIMAT_DEFAULT_HOME "/Users/Wendydi/Documents/MATLAB/ADIMAT/adimat"
| #define ADIMAT_VERSION_NUMBER 0.60
| /* end confdefs.h.  */
| #include <stdio.h>
| #ifdef HAVE_SYS_TYPES_H
| # include <sys/types.h>
| #endif
| #ifdef HAVE_SYS_STAT_H
| # include <sys/stat.h>
| #endif
| #ifdef STDC_HEADERS
| # include <stdlib.h>
| # include <stddef.h>
| #else
| # ifdef HAVE_STDLIB_H
| #  include <stdlib.h>
| # endif
| #endif
| #ifdef HAVE_STRING_H
| # if !defined STDC_HEADERS && defined HAVE_MEMORY_H
| #  include <memory.h>
| # endif
| # include <string.h>
| #endif
| #ifdef HAVE_STRINGS_H
| # include <strings.h>
| #endif
| #ifdef HAVE_INTTYPES_H
| # include <inttypes.h>
| #endif
| #ifdef HAVE_STDINT_H
| # include <stdint.h>
| #endif
| #ifdef HAVE_UNISTD_H
| # include <unistd.h>
| #endif
| int
| main ()
| {
| if (sizeof ((size_t)))
| 	    return 0;
|   ;
|   return 0;
| }
configure:6228: result: yes
configure:6239: checking for pid_t
configure:6239: gcc -c -g -O2  conftest.c >&5
configure:6239: $? = 0
configure:6239: gcc -c -g -O2  conftest.c >&5
conftest.c:69:20: error: expected expression
if (sizeof ((pid_t)))
                   ^
1 error generated.
configure:6239: $? = 1
configure: failed program was:
| /* confdefs.h */
| #define PACKAGE_NAME "ADiMat-Client"
| #define PACKAGE_TARNAME "adimat-client"
| #define PACKAGE_VERSION "0.6.0"
| #define PACKAGE_STRING "ADiMat-Client 0.6.0"
| #define PACKAGE_BUGREPORT "adimat-users@lists.sc.informatik.tu-darmstadt.de"
| #define PACKAGE_URL "http://www.adimat.de/"
| #define PACKAGE "adimat-client"
| #define VERSION "0.6.0"
| #define ADIMAT_STATIC_BUILD 0
| #define STDC_HEADERS 1
| #define HAVE_SYS_WAIT_H 1
| #define HAVE_SYS_TYPES_H 1
| #define HAVE_SYS_STAT_H 1
| #define HAVE_STDLIB_H 1
| #define HAVE_STRING_H 1
| #define HAVE_MEMORY_H 1
| #define HAVE_STRINGS_H 1
| #define HAVE_INTTYPES_H 1
| #define HAVE_STDINT_H 1
| #define HAVE_UNISTD_H 1
| #define HAVE_NAMESPACES /**/
| #define HAVE_STL /**/
| #define HOST_ARCH "x86_64-apple-darwin13.4.0"
| #define HOST_CPU "x86_64"
| #define HOST_VENDOR "apple"
| #define HOST_OS_LONG "darwin13.4.0"
| #define HOST_OS_SHORT "darwin13.4.0"
| #define install_prefix "/Users/Wendydi/Documents/MATLAB/ADIMAT/adimat"
| #define ADIMAT_DEFAULT_HOME "/Users/Wendydi/Documents/MATLAB/ADIMAT/adimat"
| #define ADIMAT_VERSION_NUMBER 0.60
| /* end confdefs.h.  */
| #include <stdio.h>
| #ifdef HAVE_SYS_TYPES_H
| # include <sys/types.h>
| #endif
| #ifdef HAVE_SYS_STAT_H
| # include <sys/stat.h>
| #endif
| #ifdef STDC_HEADERS
| # include <stdlib.h>
| # include <stddef.h>
| #else
| # ifdef HAVE_STDLIB_H
| #  include <stdlib.h>
| # endif
| #endif
| #ifdef HAVE_STRING_H
| # if !defined STDC_HEADERS && defined HAVE_MEMORY_H
| #  include <memory.h>
| # endif
| # include <string.h>
| #endif
| #ifdef HAVE_STRINGS_H
| # include <strings.h>
| #endif
| #ifdef HAVE_INTTYPES_H
| # include <inttypes.h>
| #endif
| #ifdef HAVE_STDINT_H
| # include <stdint.h>
| #endif
| #ifdef HAVE_UNISTD_H
| # include <unistd.h>
| #endif
| int
| main ()
| {
| if (sizeof ((pid_t)))
| 	    return 0;
|   ;
|   return 0;
| }
configure:6239: result: yes
configure:6250: checking for long double
configure:6250: gcc -c -g -O2  conftest.c >&5
configure:6250: $? = 0
configure:6250: gcc -c -g -O2  conftest.c >&5
conftest.c:69:26: error: expected expression
if (sizeof ((long double)))
                         ^
1 error generated.
configure:6250: $? = 1
configure: failed program was:
| /* confdefs.h */
| #define PACKAGE_NAME "ADiMat-Client"
| #define PACKAGE_TARNAME "adimat-client"
| #define PACKAGE_VERSION "0.6.0"
| #define PACKAGE_STRING "ADiMat-Client 0.6.0"
| #define PACKAGE_BUGREPORT "adimat-users@lists.sc.informatik.tu-darmstadt.de"
| #define PACKAGE_URL "http://www.adimat.de/"
| #define PACKAGE "adimat-client"
| #define VERSION "0.6.0"
| #define ADIMAT_STATIC_BUILD 0
| #define STDC_HEADERS 1
| #define HAVE_SYS_WAIT_H 1
| #define HAVE_SYS_TYPES_H 1
| #define HAVE_SYS_STAT_H 1
| #define HAVE_STDLIB_H 1
| #define HAVE_STRING_H 1
| #define HAVE_MEMORY_H 1
| #define HAVE_STRINGS_H 1
| #define HAVE_INTTYPES_H 1
| #define HAVE_STDINT_H 1
| #define HAVE_UNISTD_H 1
| #define HAVE_NAMESPACES /**/
| #define HAVE_STL /**/
| #define HOST_ARCH "x86_64-apple-darwin13.4.0"
| #define HOST_CPU "x86_64"
| #define HOST_VENDOR "apple"
| #define HOST_OS_LONG "darwin13.4.0"
| #define HOST_OS_SHORT "darwin13.4.0"
| #define install_prefix "/Users/Wendydi/Documents/MATLAB/ADIMAT/adimat"
| #define ADIMAT_DEFAULT_HOME "/Users/Wendydi/Documents/MATLAB/ADIMAT/adimat"
| #define ADIMAT_VERSION_NUMBER 0.60
| /* end confdefs.h.  */
| #include <stdio.h>
| #ifdef HAVE_SYS_TYPES_H
| # include <sys/types.h>
| #endif
| #ifdef HAVE_SYS_STAT_H
| # include <sys/stat.h>
| #endif
| #ifdef STDC_HEADERS
| # include <stdlib.h>
| # include <stddef.h>
| #else
| # ifdef HAVE_STDLIB_H
| #  include <stdlib.h>
| # endif
| #endif
| #ifdef HAVE_STRING_H
| # if !defined STDC_HEADERS && defined HAVE_MEMORY_H
| #  include <memory.h>
| # endif
| # include <string.h>
| #endif
| #ifdef HAVE_STRINGS_H
| # include <strings.h>
| #endif
| #ifdef HAVE_INTTYPES_H
| # include <inttypes.h>
| #endif
| #ifdef HAVE_STDINT_H
| # include <stdint.h>
| #endif
| #ifdef HAVE_UNISTD_H
| # include <unistd.h>
| #endif
| int
| main ()
| {
| if (sizeof ((long double)))
| 	    return 0;
|   ;
|   return 0;
| }
configure:6250: result: yes
configure:6261: checking for uint32_t
configure:6261: gcc -c -g -O2  conftest.c >&5
configure:6261: $? = 0
configure:6261: gcc -c -g -O2  conftest.c >&5
conftest.c:70:23: error: expected expression
if (sizeof ((uint32_t)))
                      ^
1 error generated.
configure:6261: $? = 1
configure: failed program was:
| /* confdefs.h */
| #define PACKAGE_NAME "ADiMat-Client"
| #define PACKAGE_TARNAME "adimat-client"
| #define PACKAGE_VERSION "0.6.0"
| #define PACKAGE_STRING "ADiMat-Client 0.6.0"
| #define PACKAGE_BUGREPORT "adimat-users@lists.sc.informatik.tu-darmstadt.de"
| #define PACKAGE_URL "http://www.adimat.de/"
| #define PACKAGE "adimat-client"
| #define VERSION "0.6.0"
| #define ADIMAT_STATIC_BUILD 0
| #define STDC_HEADERS 1
| #define HAVE_SYS_WAIT_H 1
| #define HAVE_SYS_TYPES_H 1
| #define HAVE_SYS_STAT_H 1
| #define HAVE_STDLIB_H 1
| #define HAVE_STRING_H 1
| #define HAVE_MEMORY_H 1
| #define HAVE_STRINGS_H 1
| #define HAVE_INTTYPES_H 1
| #define HAVE_STDINT_H 1
| #define HAVE_UNISTD_H 1
| #define HAVE_NAMESPACES /**/
| #define HAVE_STL /**/
| #define HOST_ARCH "x86_64-apple-darwin13.4.0"
| #define HOST_CPU "x86_64"
| #define HOST_VENDOR "apple"
| #define HOST_OS_LONG "darwin13.4.0"
| #define HOST_OS_SHORT "darwin13.4.0"
| #define install_prefix "/Users/Wendydi/Documents/MATLAB/ADIMAT/adimat"
| #define ADIMAT_DEFAULT_HOME "/Users/Wendydi/Documents/MATLAB/ADIMAT/adimat"
| #define ADIMAT_VERSION_NUMBER 0.60
| #define HAVE_LONG_DOUBLE 1
| /* end confdefs.h.  */
| #include <stdio.h>
| #ifdef HAVE_SYS_TYPES_H
| # include <sys/types.h>
| #endif
| #ifdef HAVE_SYS_STAT_H
| # include <sys/stat.h>
| #endif
| #ifdef STDC_HEADERS
| # include <stdlib.h>
| # include <stddef.h>
| #else
| # ifdef HAVE_STDLIB_H
| #  include <stdlib.h>
| # endif
| #endif
| #ifdef HAVE_STRING_H
| # if !defined STDC_HEADERS && defined HAVE_MEMORY_H
| #  include <memory.h>
| # endif
| # include <string.h>
| #endif
| #ifdef HAVE_STRINGS_H
| # include <strings.h>
| #endif
| #ifdef HAVE_INTTYPES_H
| # include <inttypes.h>
| #endif
| #ifdef HAVE_STDINT_H
| # include <stdint.h>
| #endif
| #ifdef HAVE_UNISTD_H
| # include <unistd.h>
| #endif
| int
| main ()
| {
| if (sizeof ((uint32_t)))
| 	    return 0;
|   ;
|   return 0;
| }
configure:6261: result: yes
configure:6275: checking size of unsigned int
configure:6280: gcc -o conftest -g -O2   conftest.c  >&5
configure:6280: $? = 0
configure:6280: ./conftest
configure:6280: $? = 0
configure:6294: result: 4
configure:6308: checking size of unsigned long
configure:6313: gcc -o conftest -g -O2   conftest.c  >&5
configure:6313: $? = 0
configure:6313: ./conftest
configure:6313: $? = 0
configure:6327: result: 8
configure:6341: checking for strchr
configure:6341: gcc -o conftest -g -O2   conftest.c  >&5
conftest.c:60:6: warning: incompatible redeclaration of library function 'strchr' [-Wincompatible-library-redeclaration]
char strchr ();
     ^
conftest.c:60:6: note: 'strchr' is a builtin with type 'char *(const char *, int)'
1 warning generated.
configure:6341: $? = 0
configure:6341: result: yes
configure:6341: checking for strerror
configure:6341: gcc -o conftest -g -O2   conftest.c  >&5
conftest.c:61:6: warning: incompatible redeclaration of library function 'strerror' [-Wincompatible-library-redeclaration]
char strerror ();
     ^
conftest.c:61:6: note: 'strerror' is a builtin with type 'char *(int)'
1 warning generated.
configure:6341: $? = 0
configure:6341: result: yes
configure:6341: checking for strrchr
configure:6341: gcc -o conftest -g -O2   conftest.c  >&5
conftest.c:62:6: warning: incompatible redeclaration of library function 'strrchr' [-Wincompatible-library-redeclaration]
char strrchr ();
     ^
conftest.c:62:6: note: 'strrchr' is a builtin with type 'char *(const char *, int)'
1 warning generated.
configure:6341: $? = 0
configure:6341: result: yes
configure:6341: checking for strstr
configure:6341: gcc -o conftest -g -O2   conftest.c  >&5
conftest.c:63:6: warning: incompatible redeclaration of library function 'strstr' [-Wincompatible-library-redeclaration]
char strstr ();
     ^
conftest.c:63:6: note: 'strstr' is a builtin with type 'char *(const char *, const char *)'
1 warning generated.
configure:6341: $? = 0
configure:6341: result: yes
configure:6341: checking for strtol
configure:6341: gcc -o conftest -g -O2   conftest.c  >&5
configure:6341: $? = 0
configure:6341: result: yes
configure:6341: checking for strtod
configure:6341: gcc -o conftest -g -O2   conftest.c  >&5
configure:6341: $? = 0
configure:6341: result: yes
configure:6341: checking for strtoul
configure:6341: gcc -o conftest -g -O2   conftest.c  >&5
configure:6341: $? = 0
configure:6341: result: yes
configure:6357: checking for atexit
configure:6357: gcc -o conftest  -g -O2   conftest.c  >&5
configure:6357: $? = 0
configure:6357: result: yes
configure:6357: checking for setenv
configure:6357: gcc -o conftest  -g -O2   conftest.c  >&5
configure:6357: $? = 0
configure:6357: result: yes
configure:6357: checking for getenv
configure:6357: gcc -o conftest  -g -O2   conftest.c  >&5
configure:6357: $? = 0
configure:6357: result: yes
configure:6357: checking for strdup
configure:6357: gcc -o conftest  -g -O2   conftest.c  >&5
conftest.c:70:6: warning: incompatible redeclaration of library function 'strdup' [-Wincompatible-library-redeclaration]
char strdup ();
     ^
conftest.c:70:6: note: 'strdup' is a builtin with type 'char *(const char *)'
1 warning generated.
configure:6357: $? = 0
configure:6357: result: yes
configure:6357: checking for strcasecmp
configure:6357: gcc -o conftest  -g -O2   conftest.c  >&5
conftest.c:71:6: warning: incompatible redeclaration of library function 'strcasecmp' [-Wincompatible-library-redeclaration]
char strcasecmp ();
     ^
conftest.c:71:6: note: 'strcasecmp' is a builtin with type 'int (const char *, const char *)'
1 warning generated.
configure:6357: $? = 0
configure:6357: result: yes
configure:6357: checking for memset
configure:6357: gcc -o conftest  -g -O2   conftest.c  >&5
conftest.c:72:6: warning: incompatible redeclaration of library function 'memset' [-Wincompatible-library-redeclaration]
char memset ();
     ^
conftest.c:72:6: note: 'memset' is a builtin with type 'void *(void *, int, unsigned long)'
1 warning generated.
configure:6357: $? = 0
configure:6357: result: yes
configure:6370: checking for sys/types.h
configure:6370: result: yes
configure:6382: checking for sys/stat.h
configure:6382: result: yes
configure:6394: checking sys/socket.h usability
configure:6394: gcc -c  -g -O2  conftest.c >&5
configure:6394: $? = 0
configure:6394: result: yes
configure:6394: checking sys/socket.h presence
configure:6394: gcc -E  conftest.c
configure:6394: $? = 0
configure:6394: result: yes
configure:6394: checking for sys/socket.h
configure:6394: result: yes
configure:6406: checking fcntl.h usability
configure:6406: gcc -c  -g -O2  conftest.c >&5
configure:6406: $? = 0
configure:6406: result: yes
configure:6406: checking fcntl.h presence
configure:6406: gcc -E  conftest.c
configure:6406: $? = 0
configure:6406: result: yes
configure:6406: checking for fcntl.h
configure:6406: result: yes
configure:6418: checking for open
configure:6418: gcc -o conftest  -g -O2   conftest.c  >&5
configure:6418: $? = 0
configure:6418: result: yes
configure:6428: checking Whether adimat-client should ask for confirmation (enable-confirmation)
configure:6438: result: yes
configure:6462: checking setting server_base
configure:6464: result: server_base=/
configure:6484: checking setting cgi_suffix
configure:6486: result: cgi_suffix=.fcgi
configure:6501: checking setting server_name
configure:6503: result: server_name=adimat.sc.informatik.tu-darmstadt.de
configure:6509: checking for wordexp
configure:6509: gcc -o conftest  -g -O2   conftest.c  >&5
configure:6509: $? = 0
configure:6509: result: yes
configure:6518: checking if wordexp should be used if present
configure:6533: result: yes
configure:6553: checking for gengetopt
configure:6569: found /opt/local/bin/gengetopt
configure:6580: result: gengetopt
configure:6595: checking for library containing dlopen
configure:6626: gcc -o conftest -g -O2   conftest.c  >&5
configure:6626: $? = 0
configure:6643: result: none required
configure:6713: checking for library containing inflateEnd
configure:6744: gcc -o conftest -g -O2     conftest.c  >&5
Undefined symbols for architecture x86_64:
  "_inflateEnd", referenced from:
      _main in conftest-d9efef.o
ld: symbol(s) not found for architecture x86_64
clang: error: linker command failed with exit code 1 (use -v to see invocation)
configure:6744: $? = 1
configure: failed program was:
| /* confdefs.h */
| #define PACKAGE_NAME "ADiMat-Client"
| #define PACKAGE_TARNAME "adimat-client"
| #define PACKAGE_VERSION "0.6.0"
| #define PACKAGE_STRING "ADiMat-Client 0.6.0"
| #define PACKAGE_BUGREPORT "adimat-users@lists.sc.informatik.tu-darmstadt.de"
| #define PACKAGE_URL "http://www.adimat.de/"
| #define PACKAGE "adimat-client"
| #define VERSION "0.6.0"
| #define ADIMAT_STATIC_BUILD 0
| #define STDC_HEADERS 1
| #define HAVE_SYS_WAIT_H 1
| #define HAVE_SYS_TYPES_H 1
| #define HAVE_SYS_STAT_H 1
| #define HAVE_STDLIB_H 1
| #define HAVE_STRING_H 1
| #define HAVE_MEMORY_H 1
| #define HAVE_STRINGS_H 1
| #define HAVE_INTTYPES_H 1
| #define HAVE_STDINT_H 1
| #define HAVE_UNISTD_H 1
| #define HAVE_NAMESPACES /**/
| #define HAVE_STL /**/
| #define HOST_ARCH "x86_64-apple-darwin13.4.0"
| #define HOST_CPU "x86_64"
| #define HOST_VENDOR "apple"
| #define HOST_OS_LONG "darwin13.4.0"
| #define HOST_OS_SHORT "darwin13.4.0"
| #define install_prefix "/Users/Wendydi/Documents/MATLAB/ADIMAT/adimat"
| #define ADIMAT_DEFAULT_HOME "/Users/Wendydi/Documents/MATLAB/ADIMAT/adimat"
| #define ADIMAT_VERSION_NUMBER 0.60
| #define HAVE_LONG_DOUBLE 1
| #define HAVE_UINT32_T 1
| #define SIZEOF_UNSIGNED_INT 4
| #define SIZEOF_UNSIGNED_LONG 8
| #define HAVE_STRCHR 1
| #define HAVE_STRERROR 1
| #define HAVE_STRRCHR 1
| #define HAVE_STRSTR 1
| #define HAVE_STRTOL 1
| #define HAVE_STRTOD 1
| #define HAVE_STRTOUL 1
| #define HAVE_ATEXIT 1
| #define HAVE_SETENV 1
| #define HAVE_GETENV 1
| #define HAVE_STRDUP 1
| #define HAVE_STRCASECMP 1
| #define HAVE_MEMSET 1
| #define HAVE_SYS_TYPES_H 1
| #define HAVE_SYS_STAT_H 1
| #define HAVE_SYS_SOCKET_H 1
| #define HAVE_FCNTL_H 1
| #define HAVE_OPEN 1
| #define ADIMAT_SERVER_BASE "/"
| #define HAVE_WORDEXP 1
| #define USE_WORDEXP 1
| /* end confdefs.h.  */
| 
| /* Override any GCC internal prototype to avoid an error.
|    Use char because int might match the return type of a GCC
|    builtin and then its argument prototype would still apply.  */
| #ifdef __cplusplus
| extern "C"
| #endif
| char inflateEnd ();
| int
| main ()
| {
| return inflateEnd ();
|   ;
|   return 0;
| }
configure:6744: gcc -o conftest -g -O2     conftest.c -lz     >&5
configure:6744: $? = 0
configure:6761: result: -lz
configure:6783: checking for library containing X509_TRUST_add
configure:6814: gcc -o conftest -g -O2     conftest.c -lz  >&5
Undefined symbols for architecture x86_64:
  "_X509_TRUST_add", referenced from:
      _main in conftest-e0b54e.o
ld: symbol(s) not found for architecture x86_64
clang: error: linker command failed with exit code 1 (use -v to see invocation)
configure:6814: $? = 1
configure: failed program was:
| /* confdefs.h */
| #define PACKAGE_NAME "ADiMat-Client"
| #define PACKAGE_TARNAME "adimat-client"
| #define PACKAGE_VERSION "0.6.0"
| #define PACKAGE_STRING "ADiMat-Client 0.6.0"
| #define PACKAGE_BUGREPORT "adimat-users@lists.sc.informatik.tu-darmstadt.de"
| #define PACKAGE_URL "http://www.adimat.de/"
| #define PACKAGE "adimat-client"
| #define VERSION "0.6.0"
| #define ADIMAT_STATIC_BUILD 0
| #define STDC_HEADERS 1
| #define HAVE_SYS_WAIT_H 1
| #define HAVE_SYS_TYPES_H 1
| #define HAVE_SYS_STAT_H 1
| #define HAVE_STDLIB_H 1
| #define HAVE_STRING_H 1
| #define HAVE_MEMORY_H 1
| #define HAVE_STRINGS_H 1
| #define HAVE_INTTYPES_H 1
| #define HAVE_STDINT_H 1
| #define HAVE_UNISTD_H 1
| #define HAVE_NAMESPACES /**/
| #define HAVE_STL /**/
| #define HOST_ARCH "x86_64-apple-darwin13.4.0"
| #define HOST_CPU "x86_64"
| #define HOST_VENDOR "apple"
| #define HOST_OS_LONG "darwin13.4.0"
| #define HOST_OS_SHORT "darwin13.4.0"
| #define install_prefix "/Users/Wendydi/Documents/MATLAB/ADIMAT/adimat"
| #define ADIMAT_DEFAULT_HOME "/Users/Wendydi/Documents/MATLAB/ADIMAT/adimat"
| #define ADIMAT_VERSION_NUMBER 0.60
| #define HAVE_LONG_DOUBLE 1
| #define HAVE_UINT32_T 1
| #define SIZEOF_UNSIGNED_INT 4
| #define SIZEOF_UNSIGNED_LONG 8
| #define HAVE_STRCHR 1
| #define HAVE_STRERROR 1
| #define HAVE_STRRCHR 1
| #define HAVE_STRSTR 1
| #define HAVE_STRTOL 1
| #define HAVE_STRTOD 1
| #define HAVE_STRTOUL 1
| #define HAVE_ATEXIT 1
| #define HAVE_SETENV 1
| #define HAVE_GETENV 1
| #define HAVE_STRDUP 1
| #define HAVE_STRCASECMP 1
| #define HAVE_MEMSET 1
| #define HAVE_SYS_TYPES_H 1
| #define HAVE_SYS_STAT_H 1
| #define HAVE_SYS_SOCKET_H 1
| #define HAVE_FCNTL_H 1
| #define HAVE_OPEN 1
| #define ADIMAT_SERVER_BASE "/"
| #define HAVE_WORDEXP 1
| #define USE_WORDEXP 1
| /* end confdefs.h.  */
| 
| /* Override any GCC internal prototype to avoid an error.
|    Use char because int might match the return type of a GCC
|    builtin and then its argument prototype would still apply.  */
| #ifdef __cplusplus
| extern "C"
| #endif
| char X509_TRUST_add ();
| int
| main ()
| {
| return X509_TRUST_add ();
|   ;
|   return 0;
| }
configure:6814: gcc -o conftest -g -O2     conftest.c -lcrypto   -lz  -lz  >&5
configure:6814: $? = 0
configure:6831: result: -lcrypto
configure:6843: checking for library containing SSL_CTX_free
configure:6874: gcc -o conftest -g -O2     conftest.c -lcrypto -lz  >&5
Undefined symbols for architecture x86_64:
  "_SSL_CTX_free", referenced from:
      _main in conftest-4547a8.o
ld: symbol(s) not found for architecture x86_64
clang: error: linker command failed with exit code 1 (use -v to see invocation)
configure:6874: $? = 1
configure: failed program was:
| /* confdefs.h */
| #define PACKAGE_NAME "ADiMat-Client"
| #define PACKAGE_TARNAME "adimat-client"
| #define PACKAGE_VERSION "0.6.0"
| #define PACKAGE_STRING "ADiMat-Client 0.6.0"
| #define PACKAGE_BUGREPORT "adimat-users@lists.sc.informatik.tu-darmstadt.de"
| #define PACKAGE_URL "http://www.adimat.de/"
| #define PACKAGE "adimat-client"
| #define VERSION "0.6.0"
| #define ADIMAT_STATIC_BUILD 0
| #define STDC_HEADERS 1
| #define HAVE_SYS_WAIT_H 1
| #define HAVE_SYS_TYPES_H 1
| #define HAVE_SYS_STAT_H 1
| #define HAVE_STDLIB_H 1
| #define HAVE_STRING_H 1
| #define HAVE_MEMORY_H 1
| #define HAVE_STRINGS_H 1
| #define HAVE_INTTYPES_H 1
| #define HAVE_STDINT_H 1
| #define HAVE_UNISTD_H 1
| #define HAVE_NAMESPACES /**/
| #define HAVE_STL /**/
| #define HOST_ARCH "x86_64-apple-darwin13.4.0"
| #define HOST_CPU "x86_64"
| #define HOST_VENDOR "apple"
| #define HOST_OS_LONG "darwin13.4.0"
| #define HOST_OS_SHORT "darwin13.4.0"
| #define install_prefix "/Users/Wendydi/Documents/MATLAB/ADIMAT/adimat"
| #define ADIMAT_DEFAULT_HOME "/Users/Wendydi/Documents/MATLAB/ADIMAT/adimat"
| #define ADIMAT_VERSION_NUMBER 0.60
| #define HAVE_LONG_DOUBLE 1
| #define HAVE_UINT32_T 1
| #define SIZEOF_UNSIGNED_INT 4
| #define SIZEOF_UNSIGNED_LONG 8
| #define HAVE_STRCHR 1
| #define HAVE_STRERROR 1
| #define HAVE_STRRCHR 1
| #define HAVE_STRSTR 1
| #define HAVE_STRTOL 1
| #define HAVE_STRTOD 1
| #define HAVE_STRTOUL 1
| #define HAVE_ATEXIT 1
| #define HAVE_SETENV 1
| #define HAVE_GETENV 1
| #define HAVE_STRDUP 1
| #define HAVE_STRCASECMP 1
| #define HAVE_MEMSET 1
| #define HAVE_SYS_TYPES_H 1
| #define HAVE_SYS_STAT_H 1
| #define HAVE_SYS_SOCKET_H 1
| #define HAVE_FCNTL_H 1
| #define HAVE_OPEN 1
| #define ADIMAT_SERVER_BASE "/"
| #define HAVE_WORDEXP 1
| #define USE_WORDEXP 1
| /* end confdefs.h.  */
| 
| /* Override any GCC internal prototype to avoid an error.
|    Use char because int might match the return type of a GCC
|    builtin and then its argument prototype would still apply.  */
| #ifdef __cplusplus
| extern "C"
| #endif
| char SSL_CTX_free ();
| int
| main ()
| {
| return SSL_CTX_free ();
|   ;
|   return 0;
| }
configure:6874: gcc -o conftest -g -O2     conftest.c -lssl   -lcrypto -lz  -lcrypto -lz  >&5
configure:6874: $? = 0
configure:6891: result: -lssl
configure:6908: checking openssl/ssl.h usability
configure:6908: gcc -c -g -O2   conftest.c >&5
configure:6908: $? = 0
configure:6908: result: yes
configure:6908: checking openssl/ssl.h presence
configure:6908: gcc -E   conftest.c
configure:6908: $? = 0
configure:6908: result: yes
configure:6908: checking for openssl/ssl.h
configure:6908: result: yes
configure:6922: checking for X509_check_host
configure:6922: gcc -o conftest -g -O2     conftest.c -lssl -lcrypto -lz  >&5
Undefined symbols for architecture x86_64:
  "_X509_check_host", referenced from:
      _main in conftest-02d904.o
ld: symbol(s) not found for architecture x86_64
clang: error: linker command failed with exit code 1 (use -v to see invocation)
configure:6922: $? = 1
configure: failed program was:
| /* confdefs.h */
| #define PACKAGE_NAME "ADiMat-Client"
| #define PACKAGE_TARNAME "adimat-client"
| #define PACKAGE_VERSION "0.6.0"
| #define PACKAGE_STRING "ADiMat-Client 0.6.0"
| #define PACKAGE_BUGREPORT "adimat-users@lists.sc.informatik.tu-darmstadt.de"
| #define PACKAGE_URL "http://www.adimat.de/"
| #define PACKAGE "adimat-client"
| #define VERSION "0.6.0"
| #define ADIMAT_STATIC_BUILD 0
| #define STDC_HEADERS 1
| #define HAVE_SYS_WAIT_H 1
| #define HAVE_SYS_TYPES_H 1
| #define HAVE_SYS_STAT_H 1
| #define HAVE_STDLIB_H 1
| #define HAVE_STRING_H 1
| #define HAVE_MEMORY_H 1
| #define HAVE_STRINGS_H 1
| #define HAVE_INTTYPES_H 1
| #define HAVE_STDINT_H 1
| #define HAVE_UNISTD_H 1
| #define HAVE_NAMESPACES /**/
| #define HAVE_STL /**/
| #define HOST_ARCH "x86_64-apple-darwin13.4.0"
| #define HOST_CPU "x86_64"
| #define HOST_VENDOR "apple"
| #define HOST_OS_LONG "darwin13.4.0"
| #define HOST_OS_SHORT "darwin13.4.0"
| #define install_prefix "/Users/Wendydi/Documents/MATLAB/ADIMAT/adimat"
| #define ADIMAT_DEFAULT_HOME "/Users/Wendydi/Documents/MATLAB/ADIMAT/adimat"
| #define ADIMAT_VERSION_NUMBER 0.60
| #define HAVE_LONG_DOUBLE 1
| #define HAVE_UINT32_T 1
| #define SIZEOF_UNSIGNED_INT 4
| #define SIZEOF_UNSIGNED_LONG 8
| #define HAVE_STRCHR 1
| #define HAVE_STRERROR 1
| #define HAVE_STRRCHR 1
| #define HAVE_STRSTR 1
| #define HAVE_STRTOL 1
| #define HAVE_STRTOD 1
| #define HAVE_STRTOUL 1
| #define HAVE_ATEXIT 1
| #define HAVE_SETENV 1
| #define HAVE_GETENV 1
| #define HAVE_STRDUP 1
| #define HAVE_STRCASECMP 1
| #define HAVE_MEMSET 1
| #define HAVE_SYS_TYPES_H 1
| #define HAVE_SYS_STAT_H 1
| #define HAVE_SYS_SOCKET_H 1
| #define HAVE_FCNTL_H 1
| #define HAVE_OPEN 1
| #define ADIMAT_SERVER_BASE "/"
| #define HAVE_WORDEXP 1
| #define USE_WORDEXP 1
| #define HAVE_OPENSSL_SSL_H 1
| /* end confdefs.h.  */
| /* Define X509_check_host to an innocuous variant, in case <limits.h> declares X509_check_host.
|    For example, HP-UX 11i <limits.h> declares gettimeofday.  */
| #define X509_check_host innocuous_X509_check_host
| 
| /* System header to define __stub macros and hopefully few prototypes,
|     which can conflict with char X509_check_host (); below.
|     Prefer <limits.h> to <assert.h> if __STDC__ is defined, since
|     <limits.h> exists even on freestanding compilers.  */
| 
| #ifdef __STDC__
| # include <limits.h>
| #else
| # include <assert.h>
| #endif
| 
| #undef X509_check_host
| 
| /* Override any GCC internal prototype to avoid an error.
|    Use char because int might match the return type of a GCC
|    builtin and then its argument prototype would still apply.  */
| #ifdef __cplusplus
| extern "C"
| #endif
| char X509_check_host ();
| /* The GNU C library defines this for functions which it implements
|     to always fail with ENOSYS.  Some functions are actually named
|     something starting with __ and the normal name is an alias.  */
| #if defined __stub_X509_check_host || defined __stub___X509_check_host
| choke me
| #endif
| 
| int
| main ()
| {
| return X509_check_host ();
|   ;
|   return 0;
| }
configure:6922: result: no
configure:6953: checking whether SSL_OP_NO_COMPRESSION is declared
configure:6953: gcc -c -g -O2  conftest.c >&5
conftest.c:68:10: error: use of undeclared identifier 'SSL_OP_NO_COMPRESSION'
  (void) SSL_OP_NO_COMPRESSION;
         ^
1 error generated.
configure:6953: $? = 1
configure: failed program was:
| /* confdefs.h */
| #define PACKAGE_NAME "ADiMat-Client"
| #define PACKAGE_TARNAME "adimat-client"
| #define PACKAGE_VERSION "0.6.0"
| #define PACKAGE_STRING "ADiMat-Client 0.6.0"
| #define PACKAGE_BUGREPORT "adimat-users@lists.sc.informatik.tu-darmstadt.de"
| #define PACKAGE_URL "http://www.adimat.de/"
| #define PACKAGE "adimat-client"
| #define VERSION "0.6.0"
| #define ADIMAT_STATIC_BUILD 0
| #define STDC_HEADERS 1
| #define HAVE_SYS_WAIT_H 1
| #define HAVE_SYS_TYPES_H 1
| #define HAVE_SYS_STAT_H 1
| #define HAVE_STDLIB_H 1
| #define HAVE_STRING_H 1
| #define HAVE_MEMORY_H 1
| #define HAVE_STRINGS_H 1
| #define HAVE_INTTYPES_H 1
| #define HAVE_STDINT_H 1
| #define HAVE_UNISTD_H 1
| #define HAVE_NAMESPACES /**/
| #define HAVE_STL /**/
| #define HOST_ARCH "x86_64-apple-darwin13.4.0"
| #define HOST_CPU "x86_64"
| #define HOST_VENDOR "apple"
| #define HOST_OS_LONG "darwin13.4.0"
| #define HOST_OS_SHORT "darwin13.4.0"
| #define install_prefix "/Users/Wendydi/Documents/MATLAB/ADIMAT/adimat"
| #define ADIMAT_DEFAULT_HOME "/Users/Wendydi/Documents/MATLAB/ADIMAT/adimat"
| #define ADIMAT_VERSION_NUMBER 0.60
| #define HAVE_LONG_DOUBLE 1
| #define HAVE_UINT32_T 1
| #define SIZEOF_UNSIGNED_INT 4
| #define SIZEOF_UNSIGNED_LONG 8
| #define HAVE_STRCHR 1
| #define HAVE_STRERROR 1
| #define HAVE_STRRCHR 1
| #define HAVE_STRSTR 1
| #define HAVE_STRTOL 1
| #define HAVE_STRTOD 1
| #define HAVE_STRTOUL 1
| #define HAVE_ATEXIT 1
| #define HAVE_SETENV 1
| #define HAVE_GETENV 1
| #define HAVE_STRDUP 1
| #define HAVE_STRCASECMP 1
| #define HAVE_MEMSET 1
| #define HAVE_SYS_TYPES_H 1
| #define HAVE_SYS_STAT_H 1
| #define HAVE_SYS_SOCKET_H 1
| #define HAVE_FCNTL_H 1
| #define HAVE_OPEN 1
| #define ADIMAT_SERVER_BASE "/"
| #define HAVE_WORDEXP 1
| #define USE_WORDEXP 1
| #define HAVE_OPENSSL_SSL_H 1
| /* end confdefs.h.  */
| #include <openssl/ssl.h>
| 
| int
| main ()
| {
| #ifndef SSL_OP_NO_COMPRESSION
| #ifdef __cplusplus
|   (void) SSL_OP_NO_COMPRESSION;
| #else
|   (void) SSL_OP_NO_COMPRESSION;
| #endif
| #endif
| 
|   ;
|   return 0;
| }
configure:6953: result: no
configure:6980: checking using libxml2
configure:6982: result: LIBXML2=
configure:6989: checking for xml2-config
configure:7008: found /opt/local/bin/xml2-config
configure:7020: result: /opt/local/bin/xml2-config
configure:7169: checking that generated files are newer than configure
configure:7175: result: done
configure:7222: creating ./config.status

## ---------------------- ##
## Running config.status. ##
## ---------------------- ##

This file was extended by ADiMat-Client config.status 0.6.0, which was
generated by GNU Autoconf 2.69.  Invocation command line was

  CONFIG_FILES    = 
  CONFIG_HEADERS  = 
  CONFIG_LINKS    = 
  CONFIG_COMMANDS = 
  $ ./config.status 

on mcswl079.mcs.anl.gov

config.status:952: creating Makefile
config.status:952: creating src/Makefile
config.status:952: creating src/adimat-client-opts.ggo
config.status:952: creating util/Makefile
config.status:952: creating config.h
config.status:1181: executing depfiles commands

## ---------------- ##
## Cache variables. ##
## ---------------- ##

ac_cv_build=x86_64-apple-darwin13.4.0
ac_cv_c_compiler_gnu=yes
ac_cv_c_const=yes
ac_cv_c_inline=inline
ac_cv_cxx_compiler_gnu=yes
ac_cv_cxx_have_stl=yes
ac_cv_cxx_namespaces=yes
ac_cv_env_CCC_set=
ac_cv_env_CCC_value=
ac_cv_env_CC_set=
ac_cv_env_CC_value=
ac_cv_env_CFLAGS_set=
ac_cv_env_CFLAGS_value=
ac_cv_env_CPPFLAGS_set=
ac_cv_env_CPPFLAGS_value=
ac_cv_env_CPP_set=
ac_cv_env_CPP_value=
ac_cv_env_CXXFLAGS_set=
ac_cv_env_CXXFLAGS_value=
ac_cv_env_CXX_set=
ac_cv_env_CXX_value=
ac_cv_env_LDFLAGS_set=
ac_cv_env_LDFLAGS_value=
ac_cv_env_LIBS_set=
ac_cv_env_LIBS_value=
ac_cv_env_build_alias_set=
ac_cv_env_build_alias_value=
ac_cv_env_host_alias_set=
ac_cv_env_host_alias_value=
ac_cv_env_target_alias_set=
ac_cv_env_target_alias_value=
ac_cv_func_X509_check_host=no
ac_cv_func_atexit=yes
ac_cv_func_getenv=yes
ac_cv_func_memset=yes
ac_cv_func_open=yes
ac_cv_func_setenv=yes
ac_cv_func_strcasecmp=yes
ac_cv_func_strchr=yes
ac_cv_func_strdup=yes
ac_cv_func_strerror=yes
ac_cv_func_strrchr=yes
ac_cv_func_strstr=yes
ac_cv_func_strtod=yes
ac_cv_func_strtol=yes
ac_cv_func_strtoul=yes
ac_cv_func_wordexp=yes
ac_cv_have_decl_SSL_OP_NO_COMPRESSION=no
ac_cv_header_cctype=no
ac_cv_header_cfloat=no
ac_cv_header_cstdlib=no
ac_cv_header_cstring=no
ac_cv_header_cunistd=no
ac_cv_header_fcntl_h=yes
ac_cv_header_inttypes_h=yes
ac_cv_header_memory_h=yes
ac_cv_header_openssl_ssl_h=yes
ac_cv_header_stdc=yes
ac_cv_header_stdint_h=yes
ac_cv_header_stdlib_h=yes
ac_cv_header_string_h=yes
ac_cv_header_strings_h=yes
ac_cv_header_sys_socket_h=yes
ac_cv_header_sys_stat_h=yes
ac_cv_header_sys_types_h=yes
ac_cv_header_sys_wait_h=yes
ac_cv_header_unistd_h=yes
ac_cv_host=x86_64-apple-darwin13.4.0
ac_cv_objext=o
ac_cv_path_EGREP='/usr/bin/grep -E'
ac_cv_path_GREP=/usr/bin/grep
ac_cv_path_XML2CONFIG=/opt/local/bin/xml2-config
ac_cv_path_install='/usr/bin/install -c'
ac_cv_prog_AWK=gawk
ac_cv_prog_BASENAME=basename
ac_cv_prog_CP=cp
ac_cv_prog_CPP='gcc -E'
ac_cv_prog_GENGETOPT=gengetopt
ac_cv_prog_GHEAD=head
ac_cv_prog_MV=mv
ac_cv_prog_RM=rm
ac_cv_prog_ac_ct_CC=gcc
ac_cv_prog_ac_ct_CXX=g++
ac_cv_prog_ac_ct_RANLIB=ranlib
ac_cv_prog_ac_ct_STRIP=strip
ac_cv_prog_cc_c89=
ac_cv_prog_cc_g=yes
ac_cv_prog_cxx_g=yes
ac_cv_prog_make_make_set=yes
ac_cv_search_SSL_CTX_free=-lssl
ac_cv_search_X509_TRUST_add=-lcrypto
ac_cv_search_dlopen='none required'
ac_cv_search_inflateEnd=-lz
ac_cv_sizeof_unsigned_int=4
ac_cv_sizeof_unsigned_long=8
ac_cv_target=x86_64-apple-darwin13.4.0
ac_cv_type_long_double=yes
ac_cv_type_pid_t=yes
ac_cv_type_size_t=yes
ac_cv_type_uint32_t=yes
am_cv_CC_dependencies_compiler_type=gcc3
am_cv_CXX_dependencies_compiler_type=gcc3
am_cv_make_support_nested_variables=yes
am_cv_prog_cc_c_o=yes

## ----------------- ##
## Output variables. ##
## ----------------- ##

ACLOCAL='${SHELL} /Users/Wendydi/Documents/MATLAB/ADIMAT/adimat-client/config/missing aclocal-1.14'
ADIMAT_DEBUG='no'
AMDEPBACKSLASH='\'
AMDEP_FALSE='#'
AMDEP_TRUE=''
AMTAR='$${TAR-tar}'
AM_BACKSLASH='\'
AM_CFLAGS=''
AM_CXXFLAGS=''
AM_DEFAULT_V='$(AM_DEFAULT_VERBOSITY)'
AM_DEFAULT_VERBOSITY='1'
AM_V='$(V)'
AUTOCONF='${SHELL} /Users/Wendydi/Documents/MATLAB/ADIMAT/adimat-client/config/missing autoconf'
AUTOHEADER='${SHELL} /Users/Wendydi/Documents/MATLAB/ADIMAT/adimat-client/config/missing autoheader'
AUTOMAKE='${SHELL} /Users/Wendydi/Documents/MATLAB/ADIMAT/adimat-client/config/missing automake-1.14'
AWK='gawk'
BASENAME='basename'
BUILD_WIN32_FALSE=''
BUILD_WIN32_TRUE='#'
CC='gcc'
CCDEPMODE='depmode=gcc3'
CFLAGS='-g -O2'
CP='cp'
CPP='gcc -E'
CPPFLAGS=''
CXX='g++'
CXXDEPMODE='depmode=gcc3'
CXXFLAGS='-g -O2'
CYGPATH_W='echo'
DEFS='-DHAVE_CONFIG_H'
DEPDIR='.deps'
ECHO_C='\c'
ECHO_N=''
ECHO_T=''
EGREP='/usr/bin/grep -E'
EXEEXT=''
GENGETOPT='gengetopt'
GHEAD='head'
GREP='/usr/bin/grep'
INSTALL_DATA='${INSTALL} -m 644'
INSTALL_PROGRAM='${INSTALL}'
INSTALL_SCRIPT='${INSTALL}'
INSTALL_STRIP_PROGRAM='$(install_sh) -c -s'
LDFLAGS=''
LIBOBJS=''
LIBS=''
LIBXML2=''
LIBXML2_CFLAGS='-I/opt/local/include/libxml2'
LIBXML2_LDFLAGS='-L/opt/local/lib -lxml2 -lz -lpthread -liconv -lm'
LN_S='ln -s'
LTLIBOBJS=''
MAKEINFO='${SHELL} /Users/Wendydi/Documents/MATLAB/ADIMAT/adimat-client/config/missing makeinfo'
MKDIR_P='config/install-sh -c -d'
MV='mv'
OBJEXT='o'
OPENSSL_CFLAGS=''
OPENSSL_LDFLAGS=''
OPENSSL_LIBS='-lssl -lcrypto -lz'
PACKAGE='adimat-client'
PACKAGE_BUGREPORT='adimat-users@lists.sc.informatik.tu-darmstadt.de'
PACKAGE_NAME='ADiMat-Client'
PACKAGE_STRING='ADiMat-Client 0.6.0'
PACKAGE_TARNAME='adimat-client'
PACKAGE_URL='http://www.adimat.de/'
PACKAGE_VERSION='0.6.0'
PATH_SEPARATOR=':'
RANLIB='ranlib'
RM='rm'
SET_MAKE=''
SGML2HTML=''
SGML2HTML_EXISTS_FALSE=''
SGML2HTML_EXISTS_TRUE='#'
SGML2INFO=''
SHELL='/bin/sh'
STRIP='strip'
SVN_REVISION='Unversioned directory'
TARGET_WIN32_FALSE=''
TARGET_WIN32_TRUE='#'
UNIX2DOS=''
VERSION='0.6.0'
VERSION_NUMBER='0.60'
WIN32_LIBS=''
XML2CONFIG='/opt/local/bin/xml2-config'
ac_ct_CC='gcc'
ac_ct_CXX='g++'
acond_ADIMAT_DEBUG_FALSE=''
acond_ADIMAT_DEBUG_TRUE='#'
acond_STATIC_BUILD_FALSE=''
acond_STATIC_BUILD_TRUE='#'
adimat_home='/Users/Wendydi/Documents/MATLAB/ADIMAT/adimat'
am__EXEEXT_FALSE=''
am__EXEEXT_TRUE='#'
am__fastdepCC_FALSE='#'
am__fastdepCC_TRUE=''
am__fastdepCXX_FALSE='#'
am__fastdepCXX_TRUE=''
am__include='include'
am__isrc=''
am__leading_dot='.'
am__nodep='_no'
am__quote=''
am__tar='$${TAR-tar} chof - "$$tardir"'
am__untar='$${TAR-tar} xf -'
bindir='${exec_prefix}/bin'
build='x86_64-apple-darwin13.4.0'
build_alias=''
build_cpu='x86_64'
build_os='darwin13.4.0'
build_vendor='apple'
cgi_suffix='.fcgi'
confirmation_value='false()'
datadir='${datarootdir}'
datarootdir='${prefix}/share'
docdir='${datarootdir}/doc/${PACKAGE_TARNAME}'
dvidir='${docdir}'
exec_prefix='${prefix}'
host='x86_64-apple-darwin13.4.0'
host_alias=''
host_cpu='x86_64'
host_os='darwin13.4.0'
host_vendor='apple'
htmldir='${docdir}'
includedir='${prefix}/include'
infodir='${datarootdir}/info'
install_sh='${SHELL} /Users/Wendydi/Documents/MATLAB/ADIMAT/adimat-client/config/install-sh'
libdir='${exec_prefix}/lib'
libexecdir='${exec_prefix}/libexec'
localedir='${datarootdir}/locale'
localstatedir='${prefix}/var'
mandir='${datarootdir}/man'
mkdir_p='$(MKDIR_P)'
oldincludedir='/usr/include'
pdfdir='${docdir}'
prefix='/Users/Wendydi/Documents/MATLAB/ADIMAT/adimat'
program_transform_name='s,x,x,'
psdir='${docdir}'
sbindir='${exec_prefix}/sbin'
server_base='/'
server_name='adimat.sc.informatik.tu-darmstadt.de'
sharedstatedir='${prefix}/com'
sysconfdir='${prefix}/etc'
target='x86_64-apple-darwin13.4.0'
target_alias=''
target_cpu='x86_64'
target_os='darwin13.4.0'
target_vendor='apple'

## ----------- ##
## confdefs.h. ##
## ----------- ##

/* confdefs.h */
#define PACKAGE_NAME "ADiMat-Client"
#define PACKAGE_TARNAME "adimat-client"
#define PACKAGE_VERSION "0.6.0"
#define PACKAGE_STRING "ADiMat-Client 0.6.0"
#define PACKAGE_BUGREPORT "adimat-users@lists.sc.informatik.tu-darmstadt.de"
#define PACKAGE_URL "http://www.adimat.de/"
#define PACKAGE "adimat-client"
#define VERSION "0.6.0"
#define ADIMAT_STATIC_BUILD 0
#define STDC_HEADERS 1
#define HAVE_SYS_WAIT_H 1
#define HAVE_SYS_TYPES_H 1
#define HAVE_SYS_STAT_H 1
#define HAVE_STDLIB_H 1
#define HAVE_STRING_H 1
#define HAVE_MEMORY_H 1
#define HAVE_STRINGS_H 1
#define HAVE_INTTYPES_H 1
#define HAVE_STDINT_H 1
#define HAVE_UNISTD_H 1
#define HAVE_NAMESPACES /**/
#define HAVE_STL /**/
#define HOST_ARCH "x86_64-apple-darwin13.4.0"
#define HOST_CPU "x86_64"
#define HOST_VENDOR "apple"
#define HOST_OS_LONG "darwin13.4.0"
#define HOST_OS_SHORT "darwin13.4.0"
#define install_prefix "/Users/Wendydi/Documents/MATLAB/ADIMAT/adimat"
#define ADIMAT_DEFAULT_HOME "/Users/Wendydi/Documents/MATLAB/ADIMAT/adimat"
#define ADIMAT_VERSION_NUMBER 0.60
#define HAVE_LONG_DOUBLE 1
#define HAVE_UINT32_T 1
#define SIZEOF_UNSIGNED_INT 4
#define SIZEOF_UNSIGNED_LONG 8
#define HAVE_STRCHR 1
#define HAVE_STRERROR 1
#define HAVE_STRRCHR 1
#define HAVE_STRSTR 1
#define HAVE_STRTOL 1
#define HAVE_STRTOD 1
#define HAVE_STRTOUL 1
#define HAVE_ATEXIT 1
#define HAVE_SETENV 1
#define HAVE_GETENV 1
#define HAVE_STRDUP 1
#define HAVE_STRCASECMP 1
#define HAVE_MEMSET 1
#define HAVE_SYS_TYPES_H 1
#define HAVE_SYS_STAT_H 1
#define HAVE_SYS_SOCKET_H 1
#define HAVE_FCNTL_H 1
#define HAVE_OPEN 1
#define ADIMAT_SERVER_BASE "/"
#define HAVE_WORDEXP 1
#define USE_WORDEXP 1
#define HAVE_OPENSSL_SSL_H 1
#define HAVE_SSL_OP_NO_COMPRESSION 0

configure: exit 0
